TN:
SF:C:\Python Projects\Alpha-Finance-Tracker\Alpha-Stock-Service\app\models\base_models\stock_calculator.py
DA:1,1,0tRnYWT7fnP6+iJzpYJFFA
DA:4,1,jeF30K6Lvsgqc8cdaIgbjQ
DA:5,1,XoVUOkRyu3PGO4dLV1agZw
DA:6,1,Hc32gQgK+X7JvP7rwOexJw
DA:7,0,ZsPI7IOzVWacIAL6deimNw
LF:5
LH:4
end_of_record
TN:
SF:C:\Python Projects\Alpha-Finance-Tracker\Alpha-Stock-Service\app\models\calculators\discount_and_growth_rates\discount_rate_calculator.py
DA:1,1,EZEzNmL93PY96zsSuI0PfQ
DA:2,1,QggK/h4NqtCSbRht2GZUfQ
DA:5,1,odhUyZ2fIyX6Vj4St2L7+Q
DA:7,1,SnYIaNaINggueuES3NVWzQ
DA:10,1,vdW/zPkldgIXS807XkPSBg
DA:11,1,7W7j4ZL/BlkrAScT9ysNwQ
DA:12,1,23uCBYhvR4DAe+LShUyCuw
DA:13,1,9UpqX+ApPX/tHpps+aZVCQ
DA:14,1,dI8qmbmGQurbK0lFObl6Vw
DA:15,1,C0mQ3uEbJOCmI/FaxlSJnw
DA:17,1,leWPu3a92U46XgI3/MVg5A
DA:27,1,fdoUckjjKCdpB6ihG99yzQ
DA:28,1,xjcDBnSwra0OiNOAYAwoHA
DA:29,1,b4jA1WSFJBOche54jUerGw
DA:35,1,5/WP0oF5kJwimTSGu4aKGA
DA:37,1,gch9lgvP3hfWFqyuCidZKg
DA:38,1,XXXma25c6leyKZIsrzn3Iw
DA:39,1,bL2Woldqr9GnlBl8GOf2IQ
DA:18,0,Kifp9+fUlytHiLtgHYXtuw
LF:19
LH:18
end_of_record
TN:
SF:C:\Python Projects\Alpha-Finance-Tracker\Alpha-Stock-Service\app\models\calculators\profitability_metrics\profit_margins\gross_profit_margin.py
DA:1,1,PCdyLmvZUz8sg3twU3ZMJw
DA:2,1,QggK/h4NqtCSbRht2GZUfQ
DA:5,1,t6PXgHtlgGxVzRNsN80K0g
DA:7,1,pcOZ4cHGKm1WElf1crsWvw
DA:8,1,kbeOCZjWvCEbB4kSyLb+Ag
DA:9,1,vMlW2lO0N7p9GJGmnS8NMw
DA:11,1,leWPu3a92U46XgI3/MVg5A
DA:15,1,fdoUckjjKCdpB6ihG99yzQ
DA:16,1,xjcDBnSwra0OiNOAYAwoHA
DA:17,1,dEL0u+/61nGAZdREnWhBlw
DA:18,1,HhYqN7BBDJLaOkKUqq4trw
DA:19,1,ORWVcVONTD/j+CQz1+qLrA
DA:20,1,3YMCPDRRiTd7NrrdXZvSGQ
DA:21,1,bL2Woldqr9GnlBl8GOf2IQ
DA:12,0,PiRZ57Wrx3hmBjJegY0S6w
LF:15
LH:14
end_of_record
TN:
SF:C:\Python Projects\Alpha-Finance-Tracker\Alpha-Stock-Service\app\models\calculators\profitability_metrics\profit_margins\net_profit_margin.py
DA:1,1,PCdyLmvZUz8sg3twU3ZMJw
DA:2,1,QggK/h4NqtCSbRht2GZUfQ
DA:5,1,gUWvjNECbhaD8vvyUHHraQ
DA:7,1,3ehUpmDbO/i54AhFYV1S7Q
DA:8,1,IgF7ktki4E1uT0VtgKpQLQ
DA:9,1,vMlW2lO0N7p9GJGmnS8NMw
DA:11,1,leWPu3a92U46XgI3/MVg5A
DA:15,1,fdoUckjjKCdpB6ihG99yzQ
DA:16,1,xjcDBnSwra0OiNOAYAwoHA
DA:17,1,5rnJ7ke8tnAEUcuS1Q8QRg
DA:18,1,b4aTh2VmoPdEmKp4EdF/2A
DA:19,1,vIhtQQL7lnlM20CxXUhQYw
DA:20,1,3YMCPDRRiTd7NrrdXZvSGQ
DA:21,1,bL2Woldqr9GnlBl8GOf2IQ
DA:12,0,BB5UvyV7hz8UGJgy+np+/Q
LF:15
LH:14
end_of_record
TN:
SF:C:\Python Projects\Alpha-Finance-Tracker\Alpha-Stock-Service\app\models\calculators\profitability_metrics\profit_margins\operating_profit_margin.py
DA:1,1,PCdyLmvZUz8sg3twU3ZMJw
DA:2,1,QggK/h4NqtCSbRht2GZUfQ
DA:5,1,cXEbCHHkXk2af8AJk3MiIg
DA:7,1,qJ60mi0q4/CPY3B6l0ptow
DA:8,1,m5tIXeoCTYy+C20hQTpTuQ
DA:9,1,vMlW2lO0N7p9GJGmnS8NMw
DA:11,1,leWPu3a92U46XgI3/MVg5A
DA:15,1,fdoUckjjKCdpB6ihG99yzQ
DA:16,1,xjcDBnSwra0OiNOAYAwoHA
DA:17,1,R7qJbtLRRSi5KISXyPLYew
DA:18,1,Xcs8GIg2LMQJlcE4Ct0ltQ
DA:19,1,pznLdHI4PNcIcnDoYae+xA
DA:20,1,3YMCPDRRiTd7NrrdXZvSGQ
DA:21,1,bL2Woldqr9GnlBl8GOf2IQ
DA:12,0,/WiKrydwvlbz8iP/dOFKOQ
LF:15
LH:14
end_of_record
TN:
SF:C:\Python Projects\Alpha-Finance-Tracker\Alpha-Stock-Service\app\models\calculators\profitability_metrics\return_ratios\nopat.py
DA:1,1,PCdyLmvZUz8sg3twU3ZMJw
DA:2,1,QggK/h4NqtCSbRht2GZUfQ
DA:5,1,EAQwWs/nJ0tvhxHNkDxRtg
DA:6,1,D6LdG/lfolgPFMEBLDmR8Q
DA:7,1,m5tIXeoCTYy+C20hQTpTuQ
DA:8,1,D+dymw5S9NE1VvltwMjNpA
DA:10,1,leWPu3a92U46XgI3/MVg5A
DA:16,1,fdoUckjjKCdpB6ihG99yzQ
DA:17,1,xjcDBnSwra0OiNOAYAwoHA
DA:18,1,+u199kxWJuw3lwMjdp6bFA
DA:19,1,yxMwcxnsBwvNY/Gk8nFhYw
DA:20,1,Rnb5zNkBV4L7gGrF72MrXA
DA:21,1,3YMCPDRRiTd7NrrdXZvSGQ
DA:22,1,bL2Woldqr9GnlBl8GOf2IQ
DA:11,0,z4P5DVDQFnEetiWm8BFqlg
LF:15
LH:14
end_of_record
TN:
SF:C:\Python Projects\Alpha-Finance-Tracker\Alpha-Stock-Service\app\models\calculators\profitability_metrics\return_ratios\return_on_assets.py
DA:2,1,PCdyLmvZUz8sg3twU3ZMJw
DA:3,1,QggK/h4NqtCSbRht2GZUfQ
DA:6,1,vXtZSxKX3JJgffv8WS3bvg
DA:8,1,XsE/UEuVxjp1zIf/mB0F7A
DA:9,1,iEBSRwIZtvAQYpkRcHaGAA
DA:10,1,mjw/zK7ipWsft/ym2+9y1w
DA:12,1,leWPu3a92U46XgI3/MVg5A
DA:16,1,fdoUckjjKCdpB6ihG99yzQ
DA:17,1,xjcDBnSwra0OiNOAYAwoHA
DA:18,1,KcAL2SIPnYxhNJBIuNXDLA
DA:19,1,3YMCPDRRiTd7NrrdXZvSGQ
DA:20,1,bL2Woldqr9GnlBl8GOf2IQ
DA:13,0,Mh+8e6wR8kKSqagoX4Y7ug
LF:13
LH:12
end_of_record
TN:
SF:C:\Python Projects\Alpha-Finance-Tracker\Alpha-Stock-Service\app\models\calculators\profitability_metrics\return_ratios\return_on_equity.py
DA:5,1,PCdyLmvZUz8sg3twU3ZMJw
DA:6,1,QggK/h4NqtCSbRht2GZUfQ
DA:9,1,Sdu3i1E+vk0EaX06tq9Dag
DA:11,1,Z7BAdIwCnEZnlzgD4+4+0w
DA:12,1,iEBSRwIZtvAQYpkRcHaGAA
DA:13,1,4IzwPhyQqYOdsdUH8DjE4g
DA:15,1,leWPu3a92U46XgI3/MVg5A
DA:19,1,fdoUckjjKCdpB6ihG99yzQ
DA:20,1,xjcDBnSwra0OiNOAYAwoHA
DA:21,1,6edba5PALH9cXaQFHq7otg
DA:22,1,3YMCPDRRiTd7NrrdXZvSGQ
DA:23,1,bL2Woldqr9GnlBl8GOf2IQ
DA:16,0,ojVOscSGbYq/WbLhFe3+RA
LF:13
LH:12
end_of_record
TN:
SF:C:\Python Projects\Alpha-Finance-Tracker\Alpha-Stock-Service\app\models\calculators\profitability_metrics\return_ratios\return_on_invested_capital.py
DA:3,1,PCdyLmvZUz8sg3twU3ZMJw
DA:4,1,QggK/h4NqtCSbRht2GZUfQ
DA:7,1,AUvkKB18KCKnlHRXTX6jhg
DA:9,1,XfwLk1vbdXe9Z6lAKgRYZQ
DA:10,1,yUYhfEFGa8UpYRLaCPS5og
DA:11,1,e3WwQ368kjeAjS48BIaJPA
DA:13,1,leWPu3a92U46XgI3/MVg5A
DA:19,1,fdoUckjjKCdpB6ihG99yzQ
DA:20,1,xjcDBnSwra0OiNOAYAwoHA
DA:21,1,jdxEVKzmC1MnoYhpeTBC0g
DA:22,1,bbOHumOH74tq2kTTQctydA
DA:23,1,YZHhlFM5A5j8q7e716+2VA
DA:24,1,8M0DGWvEOv3rBSX74Mf1BA
DA:14,0,KiJmyK/776iYFLls+DYLPw
DA:25,0,3YMCPDRRiTd7NrrdXZvSGQ
DA:26,0,bL2Woldqr9GnlBl8GOf2IQ
LF:16
LH:13
end_of_record
TN:
SF:C:\Python Projects\Alpha-Finance-Tracker\Alpha-Stock-Service\app\models\calculators\risk_measurement\levarage_ratios\cash_to_debt_ratio.py
DA:1,1,PCdyLmvZUz8sg3twU3ZMJw
DA:2,1,QggK/h4NqtCSbRht2GZUfQ
DA:5,1,8N5qp0rgiylNa9e88l62jQ
DA:7,1,u5/cxk+jznMWwDnmUzkPig
DA:8,1,z9yPsu+1ukrpRQG2IMjhhA
DA:9,1,6uppJ3Hfo0S1U+U4P7jmAA
DA:11,1,leWPu3a92U46XgI3/MVg5A
DA:15,1,fdoUckjjKCdpB6ihG99yzQ
DA:16,1,xjcDBnSwra0OiNOAYAwoHA
DA:17,1,qS2LMhSe7RvGyi6ejYWvIw
DA:18,1,McvrQo1MjRbtB4d1gzt31g
DA:19,1,kSK4DpcJz7G4Tdx2u78F3g
DA:20,1,3YMCPDRRiTd7NrrdXZvSGQ
DA:21,1,bL2Woldqr9GnlBl8GOf2IQ
DA:12,0,VAV9KdsCy3HwG0Lu0OL/hQ
LF:15
LH:14
end_of_record
TN:
SF:C:\Python Projects\Alpha-Finance-Tracker\Alpha-Stock-Service\app\models\calculators\risk_measurement\levarage_ratios\debt_to_equity_ratio.py
DA:3,1,PCdyLmvZUz8sg3twU3ZMJw
DA:4,1,QggK/h4NqtCSbRht2GZUfQ
DA:7,1,jLBm1GV+KCb79CmZkpX9JA
DA:9,1,0L/A9SaZJZO8TfWxjhY6UQ
DA:10,1,hDW5oQ6MpiUaGT50rxuCgA
DA:11,1,4IzwPhyQqYOdsdUH8DjE4g
DA:13,1,leWPu3a92U46XgI3/MVg5A
DA:17,1,fdoUckjjKCdpB6ihG99yzQ
DA:18,1,xjcDBnSwra0OiNOAYAwoHA
DA:19,1,FJa6nlBEljHjXBqK3sePDA
DA:20,1,qs3H/m1xTTHmdUvpBpvgwA
DA:21,1,n57I+ynix3dzxmiaMppOvA
DA:22,1,3YMCPDRRiTd7NrrdXZvSGQ
DA:23,1,bL2Woldqr9GnlBl8GOf2IQ
DA:14,0,vg+WL0EzG5Cs8D3Pct/m4Q
LF:15
LH:14
end_of_record
TN:
SF:C:\Python Projects\Alpha-Finance-Tracker\Alpha-Stock-Service\app\models\calculators\risk_measurement\levarage_ratios\interest_coverage_ratio.py
DA:3,1,PCdyLmvZUz8sg3twU3ZMJw
DA:4,1,QggK/h4NqtCSbRht2GZUfQ
DA:7,1,JzdOGAJGKjkLNHdQp+ZHIQ
DA:9,1,xIyyL1QVPQ8x2mHf9bZC3Q
DA:10,1,JABcmXVjtKZ+gB7ZifCLhA
DA:11,1,j4NLQ8FTAiREADaAR2ArYg
DA:13,1,leWPu3a92U46XgI3/MVg5A
DA:17,1,fdoUckjjKCdpB6ihG99yzQ
DA:18,1,xjcDBnSwra0OiNOAYAwoHA
DA:19,1,2BiV1r4DnaoFy00Ltdg1ow
DA:20,1,pegdmd56KAwxK3Z7YBeABg
DA:21,1,H1mDODoHg77B2f0u2eNhIQ
DA:14,0,L0AVlVosmAj4hlt8rjVyvA
DA:22,0,3YMCPDRRiTd7NrrdXZvSGQ
DA:23,0,bL2Woldqr9GnlBl8GOf2IQ
LF:15
LH:12
end_of_record
TN:
SF:C:\Python Projects\Alpha-Finance-Tracker\Alpha-Stock-Service\app\models\calculators\risk_measurement\liquidity_ratios\current_ratio.py
DA:3,1,PCdyLmvZUz8sg3twU3ZMJw
DA:4,1,QggK/h4NqtCSbRht2GZUfQ
DA:7,1,18M7Rv6W3IDCS/2T5R4gmA
DA:9,1,bbp37s6bOpG/dz8QdfGYHQ
DA:10,1,QU4eN/BoWXLyzH7RuBUuBQ
DA:11,1,hDW5oQ6MpiUaGT50rxuCgA
DA:13,1,leWPu3a92U46XgI3/MVg5A
DA:17,1,fdoUckjjKCdpB6ihG99yzQ
DA:18,1,xjcDBnSwra0OiNOAYAwoHA
DA:19,1,PuByltbl5UzC3xwZ+QnPbw
DA:20,1,DBGkAfQr5AnmL8WZvmSfoA
DA:21,1,LTIKHPlvJm/I5gI3QTpx0g
DA:22,1,3YMCPDRRiTd7NrrdXZvSGQ
DA:23,1,bL2Woldqr9GnlBl8GOf2IQ
DA:14,0,Rhlnru4fNdg2YtZXfcBl3Q
LF:15
LH:14
end_of_record
TN:
SF:C:\Python Projects\Alpha-Finance-Tracker\Alpha-Stock-Service\app\models\calculators\risk_measurement\solvency_ratios\debt_to_ebitda_ratio.py
DA:1,1,PCdyLmvZUz8sg3twU3ZMJw
DA:2,1,QggK/h4NqtCSbRht2GZUfQ
DA:5,1,oesZeXczBnA2Scg34PdRYA
DA:7,1,/JojOKT9kMyXk//ytsI8cg
DA:8,1,YCNY3l+Krmtp5XOz0+754A
DA:9,1,z9yPsu+1ukrpRQG2IMjhhA
DA:11,1,leWPu3a92U46XgI3/MVg5A
DA:15,1,fdoUckjjKCdpB6ihG99yzQ
DA:16,1,xjcDBnSwra0OiNOAYAwoHA
DA:17,1,ddzsibSeYHU6dc76Emy/Nw
DA:18,1,pfgWO7ICTJV4NofFDGKkzA
DA:19,1,XX+dAm4iNXyj2DEeGBFuCA
DA:20,1,3YMCPDRRiTd7NrrdXZvSGQ
DA:21,1,bL2Woldqr9GnlBl8GOf2IQ
DA:12,0,ztDB50g+Q/ygB3GKFSwboQ
LF:15
LH:14
end_of_record
TN:
SF:C:\Python Projects\Alpha-Finance-Tracker\Alpha-Stock-Service\app\models\calculators\risk_measurement\solvency_ratios\tax_rate.py
DA:1,1,EZEzNmL93PY96zsSuI0PfQ
DA:3,1,PCdyLmvZUz8sg3twU3ZMJw
DA:4,1,QggK/h4NqtCSbRht2GZUfQ
DA:6,1,RiROIQunk5nvlml8K9ko7w
DA:8,1,x4xPSf4GenuTqi2ZnMpraw
DA:9,1,xPKhJhhRk0Nm7rVsYzr8eQ
DA:10,1,BEZ9hhj+EM9tp9TgKXYfJA
DA:12,1,leWPu3a92U46XgI3/MVg5A
DA:18,1,fdoUckjjKCdpB6ihG99yzQ
DA:19,1,xjcDBnSwra0OiNOAYAwoHA
DA:21,1,UoAEDmHFsKDHWcqeQnTRuA
DA:22,1,/7zFjU0GStLu/F5ILHkvsQ
DA:24,1,ypvrOQXro2cBtLEGVZwmBw
DA:25,1,gch9lgvP3hfWFqyuCidZKg
DA:26,1,XXXma25c6leyKZIsrzn3Iw
DA:27,1,bL2Woldqr9GnlBl8GOf2IQ
DA:13,0,jD/8Jj8B6iYb3JuPx9I3Nw
LF:17
LH:16
end_of_record
TN:
SF:C:\Python Projects\Alpha-Finance-Tracker\Alpha-Stock-Service\app\models\calculators\valuation\discounted_cash_flow_calculator.py
DA:1,1,EZEzNmL93PY96zsSuI0PfQ
DA:3,1,PCdyLmvZUz8sg3twU3ZMJw
DA:4,1,QggK/h4NqtCSbRht2GZUfQ
DA:7,1,GV65GtiKxQI658nsBOO9Ow
DA:9,1,dGbZ1TylXQuH5L8Tk75U7w
DA:10,1,uW7V3FM+Ph0915gdcl1IpA
DA:11,1,jmwE5SwveNWhEgCVXmxQgw
DA:12,1,33guAf1k3IQLfVAoQ8gqdA
DA:14,1,HmADa1g/W1C2Vo9Wm4sNNA
DA:15,1,wrxNicoKIiSdtEfzghKPkQ
DA:16,1,70FtdH4VmcBcA4+PzSvMkQ
DA:18,1,fdoUckjjKCdpB6ihG99yzQ
DA:20,1,xjcDBnSwra0OiNOAYAwoHA
DA:21,1,MldsTDHlb/NSLP/SQPQ0aw
DA:25,1,gch9lgvP3hfWFqyuCidZKg
DA:26,1,XXXma25c6leyKZIsrzn3Iw
DA:27,1,bL2Woldqr9GnlBl8GOf2IQ
DA:29,1,leWPu3a92U46XgI3/MVg5A
DA:30,0,Kifp9+fUlytHiLtgHYXtuw
LF:19
LH:18
end_of_record
TN:
SF:C:\Python Projects\Alpha-Finance-Tracker\Alpha-Stock-Service\app\models\calculators\valuation\intrinsic_value_calculator.py
DA:1,1,EZEzNmL93PY96zsSuI0PfQ
DA:3,1,PCdyLmvZUz8sg3twU3ZMJw
DA:4,1,QggK/h4NqtCSbRht2GZUfQ
DA:7,1,eRrDzNlutBGSpNSm0DnOdg
DA:8,1,0q29lgQooAF5zIOzfEMRhA
DA:9,1,BNuOpeW5BQb72D9BrRFc3A
DA:10,1,JOCKL59RMV/IJG3y/H7aLA
DA:12,1,fdoUckjjKCdpB6ihG99yzQ
DA:13,1,xjcDBnSwra0OiNOAYAwoHA
DA:14,1,TvDRdPBv+14/bULqkCigIA
DA:15,1,bQlnkF80oqT1/y6ztPG71w
DA:16,1,XXXma25c6leyKZIsrzn3Iw
DA:17,1,bL2Woldqr9GnlBl8GOf2IQ
LF:13
LH:13
end_of_record
TN:
SF:C:\Python Projects\Alpha-Finance-Tracker\Alpha-Stock-Service\app\utilities\responses.py
DA:1,1,5i5mNQFOez5iLe7KeJWRMg
DA:4,1,hgpooNL3tUGYOF81Xwq5rQ
DA:5,1,s64mzR0+Ai2IMOusE7mXog
DA:9,1,SrlDF7SbudJqdfGPGS0hZg
DA:10,1,gse6lieMUpvPcJjvIjv7LQ
DA:14,1,+BfR+aGApNKdop5cWwgDlw
DA:15,1,d8HpQpSG/po5v+aqJwEQGg
DA:19,1,JrotgWElcza6Vxr8wLFxhA
DA:20,1,BFW08CaNV28MGRypTZMZnQ
DA:24,1,hvM2VheO9umiOdOc67G62A
DA:25,1,o/hAfb2XTAIJj5hGwqSlCg
DA:29,1,SJK5sKXmvmBkGKRnEFQ+rw
DA:30,1,PToqJv/BEs/wfgxuz1mlSQ
DA:34,1,rdQz+xJOi+PoMoFdCItWmw
DA:35,1,wZPwvVoVgFQmBpLcMGdSqA
DA:39,1,ILgM8PTCE/PMvr5uLtgh2Q
DA:40,1,PtfF1JgUCUmAbcfqlxpfpQ
DA:43,1,iwGZ8/0LLGj1mhL88bZBQg
DA:44,1,WLWHwbze4kbW7Oo16S56Zw
DA:47,1,6sOiPPGtDftcTEKlRHmTvA
DA:48,1,CD+5Q1T35G891pbypAYQCQ
DA:51,1,EFjL7u48h1gIupnG9KsZYQ
DA:52,1,t4ue1c1wmiKEwnuLFGdr0w
DA:55,1,5NVwmw0U7wE8UAuvVp2Z8A
DA:56,1,RXZxKoK1e84BBbYqwr28GQ
DA:57,1,E9eZ/fnfGflcnRhKDgRRAg
DA:6,0,5l2w0eg7poQJNxaWR/xKAQ
DA:11,0,nVKNNdn4/qZPgXedJgLbqA
DA:16,0,nVKNNdn4/qZPgXedJgLbqA
DA:21,0,YyK5Bgk8ZFvwbDqJepEv4g
DA:26,0,W040Btx63z/sKOI+NEmgvQ
DA:31,0,9OmRYn3C1TRW2syySCNZ+Q
DA:36,0,0fj1mNvizY5VfBTgdtl5Eg
DA:41,0,UtfCLO5VZRx29/GKbHRDtA
DA:45,0,lW1VYhmxmmUBNeKvgBR4FA
DA:49,0,nVKNNdn4/qZPgXedJgLbqA
DA:53,0,nVKNNdn4/qZPgXedJgLbqA
LF:37
LH:26
end_of_record
