TN:
SF:C:\Python Projects\Alpha-Finance-Tracker\Alpha-Stock-Service\app\models\base_models\stock_calculator.py
DA:1,1,0tRnYWT7fnP6+iJzpYJFFA
DA:4,1,jeF30K6Lvsgqc8cdaIgbjQ
DA:5,1,XoVUOkRyu3PGO4dLV1agZw
DA:6,1,mjDoXdiEC2FUKDziJpVOVA
DA:7,0,ZsPI7IOzVWacIAL6deimNw
LF:5
LH:4
end_of_record
TN:
SF:C:\Python Projects\Alpha-Finance-Tracker\Alpha-Stock-Service\app\models\calculators\cost_of_debt_calculator.py
DA:1,1,EZEzNmL93PY96zsSuI0PfQ
DA:3,1,PCdyLmvZUz8sg3twU3ZMJw
DA:4,1,QggK/h4NqtCSbRht2GZUfQ
DA:7,1,ij+/RF5rRuBJyR8S1OI1ng
DA:9,1,JPp8p6wn5gkgoWntTcCCjg
DA:10,1,jHN9QOvAhn7jm5MJktYv0A
DA:11,1,yNUgVEXjw0FTKTPEDt4H8Q
DA:13,1,HmADa1g/W1C2Vo9Wm4sNNA
DA:14,1,HNcx3KsnCJ4jtsCz5myf0w
DA:17,1,HmADa1g/W1C2Vo9Wm4sNNA
DA:18,1,02QWhB20zIk87gjTF3NmEg
DA:21,1,fdoUckjjKCdpB6ihG99yzQ
DA:22,1,xjcDBnSwra0OiNOAYAwoHA
DA:23,1,cez5JBn1r/HKvkrJ5nE6TQ
DA:24,1,gch9lgvP3hfWFqyuCidZKg
DA:25,1,XXXma25c6leyKZIsrzn3Iw
DA:26,1,bL2Woldqr9GnlBl8GOf2IQ
DA:15,0,cRGJ07+RMCGZUIkqTNr4Lg
DA:19,0,LvqYw4JexzXWRahbzyZbCA
LF:19
LH:17
end_of_record
TN:
SF:C:\Python Projects\Alpha-Finance-Tracker\Alpha-Stock-Service\app\models\calculators\cost_of_equity_calculator.py
DA:1,1,EZEzNmL93PY96zsSuI0PfQ
DA:3,1,PCdyLmvZUz8sg3twU3ZMJw
DA:4,1,QggK/h4NqtCSbRht2GZUfQ
DA:7,1,2f+KfcTG+OxnWEZBzxJ39w
DA:9,1,IeJuQKg3PZPNReYKnN/A2g
DA:10,1,iTxMo5yZdjZB6rYYHzgTGg
DA:11,1,7gIJitya7OA1zP5jimOIkg
DA:12,1,qNDH5LDDwyR2kOA99M+R9A
DA:14,1,fdoUckjjKCdpB6ihG99yzQ
DA:15,1,xjcDBnSwra0OiNOAYAwoHA
DA:16,1,XHJ0zcOhOV6ginMWc8ZQ0g
DA:17,1,7oXDJN8yXLuN2Yh+HUOv6A
DA:18,1,XXXma25c6leyKZIsrzn3Iw
DA:19,1,bL2Woldqr9GnlBl8GOf2IQ
LF:14
LH:14
end_of_record
TN:
SF:C:\Python Projects\Alpha-Finance-Tracker\Alpha-Stock-Service\app\models\calculators\debt_ratio_calculator.py
DA:1,1,EZEzNmL93PY96zsSuI0PfQ
DA:3,1,PCdyLmvZUz8sg3twU3ZMJw
DA:4,1,QggK/h4NqtCSbRht2GZUfQ
DA:7,1,wCicKNheSq5iIcVDEBhTrg
DA:9,1,s+sRYAdU82U+Ow6eSqgaqQ
DA:11,1,yNUgVEXjw0FTKTPEDt4H8Q
DA:13,1,HmADa1g/W1C2Vo9Wm4sNNA
DA:14,1,02QWhB20zIk87gjTF3NmEg
DA:17,1,HmADa1g/W1C2Vo9Wm4sNNA
DA:18,1,+2ZlTPFG4h1n4EoT2d66fA
DA:21,1,fdoUckjjKCdpB6ihG99yzQ
DA:22,1,xjcDBnSwra0OiNOAYAwoHA
DA:23,1,cSAMFNbvAPTFUvsOWiCMLw
DA:24,1,Ivy7NTDMzrcY6OHgFAiACA
DA:26,1,ZWOqfhckkUB3eFDRdkKi3w
DA:27,1,8zMTwo7rsvnIwDxL797B3Q
DA:28,1,XXXma25c6leyKZIsrzn3Iw
DA:29,1,bL2Woldqr9GnlBl8GOf2IQ
DA:15,0,LvqYw4JexzXWRahbzyZbCA
DA:19,0,YG3qrZJBLumV8OzSz1+t2A
LF:20
LH:18
end_of_record
TN:
SF:C:\Python Projects\Alpha-Finance-Tracker\Alpha-Stock-Service\app\models\calculators\discount_rate_calculator.py
DA:1,1,y0EdtUA1m2c0Z1f8RoGcRQ
DA:2,1,EZEzNmL93PY96zsSuI0PfQ
DA:4,1,PCdyLmvZUz8sg3twU3ZMJw
DA:5,1,jrkEvkfs2J/hFa9qkCKtDA
DA:6,1,nFb3rxGcOQmGwWtEIJZYCw
DA:7,1,7hTtVug4QpZWkfCFYY0clg
DA:8,1,EOjHVavyOnuwZGgupHa9Eg
DA:9,1,1ARbyruJhQKmShWHIrvMBQ
DA:10,1,leuH20iX+IUIMHXx4Y64Gg
DA:11,1,JEh7Qdj7bL+sh853DjJ66w
DA:12,1,QggK/h4NqtCSbRht2GZUfQ
DA:15,1,udaSlEcApq86S/9C+oamQw
DA:17,1,4GQRSUL1iwu9A8a8HpsSUg
DA:18,1,jHN9QOvAhn7jm5MJktYv0A
DA:19,1,yNUgVEXjw0FTKTPEDt4H8Q
DA:20,1,CuwFId2Ioy6zmjk1qzNL8Q
DA:21,1,WC7B8e6qt13F/nGMY8GuQw
DA:22,1,8P3Bpvcq4fVC4mwDSwRFng
DA:24,1,HmADa1g/W1C2Vo9Wm4sNNA
DA:25,1,OyaryY1aCJo18k3PAKeb5Q
DA:26,1,ED0+1lqNtyX57noc2WvMmQ
DA:28,1,HmADa1g/W1C2Vo9Wm4sNNA
DA:29,1,WrCIuitKDsP9kc0wsIZSDw
DA:38,1,fdoUckjjKCdpB6ihG99yzQ
DA:40,1,xjcDBnSwra0OiNOAYAwoHA
DA:41,1,oHh3kd9k6DkNWZ1TVgnE1w
DA:48,1,Nk1+LHsYu1xrSLBdr59jkg
DA:49,1,NTco2ABmBumzaGaez58B4w
DA:50,1,Sd1FuEaq6QGYZ/iIAV+yLA
DA:51,1,nZ8QIxbOSW4ol4uYWj3fUA
DA:53,1,b4jA1WSFJBOche54jUerGw
DA:58,1,AlywEpDFnLkNnkCdjXFFEw
DA:59,1,8zMTwo7rsvnIwDxL797B3Q
DA:60,1,XXXma25c6leyKZIsrzn3Iw
DA:61,1,bL2Woldqr9GnlBl8GOf2IQ
DA:30,0,xjcDBnSwra0OiNOAYAwoHA
DA:31,0,PR7ezSCmJCR+eRe9PRwo5w
DA:32,0,Iyc7OFdUwu47XssfhAqplw
DA:33,0,xvWIcpcyNr0gyGcTkdMxXw
DA:34,0,7vFRRThcXZJmahbhAAHmNA
DA:35,0,SGwhj9XRnw3+5Sz+mS7dkw
DA:36,0,Rt6Rg0lNv99AlEQkHHXD6g
LF:42
LH:35
end_of_record
TN:
SF:C:\Python Projects\Alpha-Finance-Tracker\Alpha-Stock-Service\app\models\calculators\discounted_cash_flow_calculator.py
DA:1,1,EZEzNmL93PY96zsSuI0PfQ
DA:3,1,PCdyLmvZUz8sg3twU3ZMJw
DA:4,1,CzEnnQ8WmMNdDce3TcpWuw
DA:5,1,QggK/h4NqtCSbRht2GZUfQ
DA:8,1,GV65GtiKxQI658nsBOO9Ow
DA:10,1,FVSlcYXSC/eUhya1z0o64w
DA:11,1,NZNckltFy1PLIeSrdz8nkg
DA:12,1,WvDFTpS617eUjh2JuRZpIA
DA:13,1,s1QybHrwMZ95hrWcifxiQg
DA:15,1,HmADa1g/W1C2Vo9Wm4sNNA
DA:16,1,f6M2OZv+LdbUpMvokcowEQ
DA:17,1,W8QMW6WYSe41aEvST9RikQ
DA:19,1,HmADa1g/W1C2Vo9Wm4sNNA
DA:20,1,wrxNicoKIiSdtEfzghKPkQ
DA:21,1,70FtdH4VmcBcA4+PzSvMkQ
DA:23,1,HmADa1g/W1C2Vo9Wm4sNNA
DA:24,1,l0i9vBYi2vkb6oY6gU9dMQ
DA:27,1,fdoUckjjKCdpB6ihG99yzQ
DA:29,1,xjcDBnSwra0OiNOAYAwoHA
DA:30,1,Q4H5KF04j1pdvQCF6HZ84A
DA:32,1,P4MyTRx3ieSUjsPcSU9u5A
DA:35,1,MldsTDHlb/NSLP/SQPQ0aw
DA:38,1,gch9lgvP3hfWFqyuCidZKg
DA:39,1,XXXma25c6leyKZIsrzn3Iw
DA:40,1,bL2Woldqr9GnlBl8GOf2IQ
DA:25,0,+gBiW6WtdKXHmZo2c1qCow
LF:26
LH:25
end_of_record
TN:
SF:C:\Python Projects\Alpha-Finance-Tracker\Alpha-Stock-Service\app\models\calculators\equity_ratio_calculator.py
DA:1,1,EZEzNmL93PY96zsSuI0PfQ
DA:3,1,PCdyLmvZUz8sg3twU3ZMJw
DA:4,1,QggK/h4NqtCSbRht2GZUfQ
DA:7,1,UN8z+OIRF/7Iw5L1byTt8g
DA:9,1,fCS1VUMQHnTVNsQ+IWGAYA
DA:11,1,yNUgVEXjw0FTKTPEDt4H8Q
DA:13,1,HmADa1g/W1C2Vo9Wm4sNNA
DA:14,1,02QWhB20zIk87gjTF3NmEg
DA:17,1,HmADa1g/W1C2Vo9Wm4sNNA
DA:18,1,+2ZlTPFG4h1n4EoT2d66fA
DA:21,1,fdoUckjjKCdpB6ihG99yzQ
DA:22,1,xjcDBnSwra0OiNOAYAwoHA
DA:23,1,cSAMFNbvAPTFUvsOWiCMLw
DA:24,1,Ivy7NTDMzrcY6OHgFAiACA
DA:26,1,njN5Dt5s5VYJ9A0M/fiYeg
DA:27,1,gch9lgvP3hfWFqyuCidZKg
DA:28,1,XXXma25c6leyKZIsrzn3Iw
DA:29,1,bL2Woldqr9GnlBl8GOf2IQ
DA:15,0,LvqYw4JexzXWRahbzyZbCA
DA:19,0,YG3qrZJBLumV8OzSz1+t2A
LF:20
LH:18
end_of_record
TN:
SF:C:\Python Projects\Alpha-Finance-Tracker\Alpha-Stock-Service\app\models\calculators\fair_value_calculator.py
DA:1,1,EZEzNmL93PY96zsSuI0PfQ
DA:3,1,PCdyLmvZUz8sg3twU3ZMJw
DA:4,1,+qEYCfCa3s7gjeenzA2xcw
DA:5,1,QggK/h4NqtCSbRht2GZUfQ
DA:8,1,pkO70NOyc1d+pazPQeftxw
DA:10,1,qEzm/gVkf2vseFhWF/BBKw
DA:11,1,MorLlMDetA293DcUpCBVow
DA:12,1,VI8zRIUPYMGqsWhhtpcMyA
DA:14,1,HmADa1g/W1C2Vo9Wm4sNNA
DA:15,1,6qvb39LB7jLqCgt/y2Hmhw
DA:18,1,HmADa1g/W1C2Vo9Wm4sNNA
DA:19,1,3HUrB67JGdUX3y+GxV0yLA
DA:22,1,HmADa1g/W1C2Vo9Wm4sNNA
DA:23,1,+l4ao3zWMnvKwN/Nh0birw
DA:29,1,fdoUckjjKCdpB6ihG99yzQ
DA:30,1,xjcDBnSwra0OiNOAYAwoHA
DA:32,1,o5ZYNo1WZkpGmgp2ogLULg
DA:33,1,gch9lgvP3hfWFqyuCidZKg
DA:34,1,XXXma25c6leyKZIsrzn3Iw
DA:35,1,bL2Woldqr9GnlBl8GOf2IQ
DA:16,0,cyuOXGcUYInkBBIbQJtzfg
DA:20,0,K+xeRRHlGS1vZ30y/FsKmw
DA:24,0,12EU0Y6lp0WNPUaQL4ItnA
DA:26,0,XjcCUEHwBDs2pBl6kEuNjw
LF:24
LH:20
end_of_record
TN:
SF:C:\Python Projects\Alpha-Finance-Tracker\Alpha-Stock-Service\app\models\calculators\intrinsic_value_calculator.py
DA:1,1,EZEzNmL93PY96zsSuI0PfQ
DA:3,1,PCdyLmvZUz8sg3twU3ZMJw
DA:4,1,QggK/h4NqtCSbRht2GZUfQ
DA:7,1,eRrDzNlutBGSpNSm0DnOdg
DA:8,1,0q29lgQooAF5zIOzfEMRhA
DA:9,1,BNuOpeW5BQb72D9BrRFc3A
DA:10,1,JOCKL59RMV/IJG3y/H7aLA
DA:12,1,fdoUckjjKCdpB6ihG99yzQ
DA:13,1,xjcDBnSwra0OiNOAYAwoHA
DA:14,1,rf9dsHZNoWBM+gQcby25Lw
DA:15,1,bQlnkF80oqT1/y6ztPG71w
DA:16,1,XXXma25c6leyKZIsrzn3Iw
DA:17,1,bL2Woldqr9GnlBl8GOf2IQ
LF:13
LH:13
end_of_record
TN:
SF:C:\Python Projects\Alpha-Finance-Tracker\Alpha-Stock-Service\app\models\calculators\market_data_calculator.py
DA:1,1,EZEzNmL93PY96zsSuI0PfQ
DA:3,1,PCdyLmvZUz8sg3twU3ZMJw
DA:4,1,QggK/h4NqtCSbRht2GZUfQ
DA:7,1,ib6vCzpo3WcZLcBF4QPt4A
DA:9,1,oTHpB8o8ZA9CFIcnSoF2Aw
DA:10,1,WC7B8e6qt13F/nGMY8GuQw
DA:12,1,fdoUckjjKCdpB6ihG99yzQ
DA:13,0,xjcDBnSwra0OiNOAYAwoHA
DA:15,0,1sw1hdyq1heu9vTsoXA5Lw
DA:16,0,Alj0ccc/j35/MSA57X83bw
DA:18,0,HB+w4NdLwlKacJnpf36wyQ
DA:19,0,zC3+PLMjbEeMe0itE76n5Q
DA:20,0,UuIdLYvR8I7ms4Dnb5jsjQ
DA:22,0,so11vD6gqP5xKVjycVJeQQ
DA:24,0,gch9lgvP3hfWFqyuCidZKg
DA:25,0,XXXma25c6leyKZIsrzn3Iw
DA:26,0,bL2Woldqr9GnlBl8GOf2IQ
LF:17
LH:7
end_of_record
TN:
SF:C:\Python Projects\Alpha-Finance-Tracker\Alpha-Stock-Service\app\models\calculators\relative_value_calculator.py
DA:1,1,EZEzNmL93PY96zsSuI0PfQ
DA:3,1,PCdyLmvZUz8sg3twU3ZMJw
DA:4,1,QggK/h4NqtCSbRht2GZUfQ
DA:7,1,UsCukQRlK0tXFeRAfbkCKw
DA:9,1,7jeeykximLVh6lImTtvKEw
DA:10,1,gEIahCH5SHNNsNDLdSbt4g
DA:12,1,fdoUckjjKCdpB6ihG99yzQ
DA:13,1,xjcDBnSwra0OiNOAYAwoHA
DA:14,1,9U3RFCV64VscJiHuMdPKsg
DA:16,1,4jv+JOkHlwDBGebn5ENSGg
DA:17,1,XXXma25c6leyKZIsrzn3Iw
DA:18,1,bL2Woldqr9GnlBl8GOf2IQ
LF:12
LH:12
end_of_record
TN:
SF:C:\Python Projects\Alpha-Finance-Tracker\Alpha-Stock-Service\app\models\calculators\tax_rate_calculator.py
DA:1,1,EZEzNmL93PY96zsSuI0PfQ
DA:3,1,PCdyLmvZUz8sg3twU3ZMJw
DA:4,1,QggK/h4NqtCSbRht2GZUfQ
DA:7,1,RiROIQunk5nvlml8K9ko7w
DA:9,1,S4NeFyVzqq/qTjph7HThdg
DA:11,1,jHN9QOvAhn7jm5MJktYv0A
DA:13,1,HmADa1g/W1C2Vo9Wm4sNNA
DA:14,1,MTKDPjXxJzCEQWCFgE6vtw
DA:17,1,HmADa1g/W1C2Vo9Wm4sNNA
DA:18,1,TafyrERgY5IjzoBrwPpQXg
DA:21,1,fdoUckjjKCdpB6ihG99yzQ
DA:22,1,xjcDBnSwra0OiNOAYAwoHA
DA:23,1,Sumd/ZiJ/WB8cm3jjZOVfg
DA:24,1,gch9lgvP3hfWFqyuCidZKg
DA:25,1,XXXma25c6leyKZIsrzn3Iw
DA:26,1,bL2Woldqr9GnlBl8GOf2IQ
DA:15,0,O+emJLquQlHktZ2I+IPRuA
DA:19,0,W49JehcXESsJqhWll5nhkw
LF:18
LH:16
end_of_record
TN:
SF:C:\Python Projects\Alpha-Finance-Tracker\Alpha-Stock-Service\app\models\calculators\terminal_value_calculator.py
DA:1,1,EZEzNmL93PY96zsSuI0PfQ
DA:3,1,PCdyLmvZUz8sg3twU3ZMJw
DA:4,1,QggK/h4NqtCSbRht2GZUfQ
DA:7,1,ueuZUiV5g5mD/iUcvsZU3w
DA:9,1,06M1qihRvNZiFQ02hk533w
DA:10,1,uW7V3FM+Ph0915gdcl1IpA
DA:11,1,A8O7CManDfD0YXbNUjlP4g
DA:12,1,jmwE5SwveNWhEgCVXmxQgw
DA:14,1,fdoUckjjKCdpB6ihG99yzQ
DA:15,1,xjcDBnSwra0OiNOAYAwoHA
DA:16,1,Oia7mKxAN/i/uBrSwZalPA
DA:19,1,gch9lgvP3hfWFqyuCidZKg
DA:20,1,XXXma25c6leyKZIsrzn3Iw
DA:21,1,bL2Woldqr9GnlBl8GOf2IQ
LF:14
LH:14
end_of_record
TN:
SF:C:\Python Projects\Alpha-Finance-Tracker\Alpha-Stock-Service\app\models\calculators\total_market_value_calculator.py
DA:1,1,EZEzNmL93PY96zsSuI0PfQ
DA:3,1,PCdyLmvZUz8sg3twU3ZMJw
DA:4,1,QggK/h4NqtCSbRht2GZUfQ
DA:7,1,mlHeK12WFlL2UxWZSsEOwA
DA:9,1,fp8HBSa+0TJrkfLxBmOLEw
DA:10,1,lNHKl77U2OHlSGFdH2BF9w
DA:11,1,N+VJBfwbjuvo1IxfdB1itA
DA:13,1,fdoUckjjKCdpB6ihG99yzQ
DA:14,1,xjcDBnSwra0OiNOAYAwoHA
DA:15,1,nCC6kXO9QYLKT400VceYAw
DA:17,1,gch9lgvP3hfWFqyuCidZKg
DA:18,1,XXXma25c6leyKZIsrzn3Iw
DA:19,1,bL2Woldqr9GnlBl8GOf2IQ
LF:13
LH:13
end_of_record
TN:
SF:C:\Python Projects\Alpha-Finance-Tracker\Alpha-Stock-Service\app\models\data_stream\yahoo_finance_data.py
DA:1,1,Ul3kur8m1SvwVP5wy6fygQ
DA:2,1,wbex0Ytf94b7jE0u9OATig
DA:5,1,aoaCgDGIjzAZDFt7I4ffvw
DA:7,1,qEzm/gVkf2vseFhWF/BBKw
DA:8,1,MorLlMDetA293DcUpCBVow
DA:9,1,z3zOeQVcqnZDOBA24S4Spg
DA:11,1,HmADa1g/W1C2Vo9Wm4sNNA
DA:12,1,jW3/8bPUiOj3uYz9CcQrBg
DA:15,1,HmADa1g/W1C2Vo9Wm4sNNA
DA:16,1,rAd6vAXygfPbkgdHuQjl4g
DA:19,1,HmADa1g/W1C2Vo9Wm4sNNA
DA:20,1,5OGzWyWi0gvN39+8iJVeVA
DA:23,1,HmADa1g/W1C2Vo9Wm4sNNA
DA:24,1,NLKWUbaS82QXynx8Q/lYxg
DA:27,1,HmADa1g/W1C2Vo9Wm4sNNA
DA:28,1,i9D28RQI/AYMKfBS3dAKpw
DA:31,1,HmADa1g/W1C2Vo9Wm4sNNA
DA:32,1,wz7rPAiZ1gw735gfBXz1fg
DA:35,1,HmADa1g/W1C2Vo9Wm4sNNA
DA:36,1,1tvW/6iyS8NJ1VL2/X3RtQ
DA:39,1,HmADa1g/W1C2Vo9Wm4sNNA
DA:40,1,yCeQObzOlcPUyuomXt9xFQ
DA:43,1,HmADa1g/W1C2Vo9Wm4sNNA
DA:44,1,p8PpOj5YknOOdhLJiSDOKw
DA:47,1,HmADa1g/W1C2Vo9Wm4sNNA
DA:48,1,3nAAQw/xGYaIayPN33eDag
DA:51,1,HmADa1g/W1C2Vo9Wm4sNNA
DA:52,1,V70bixrFjEJtye64EdbCXQ
DA:55,1,HmADa1g/W1C2Vo9Wm4sNNA
DA:56,1,b5hPFUkdXm+O/9JSqdBSWQ
DA:59,1,HmADa1g/W1C2Vo9Wm4sNNA
DA:60,1,92n/a+QJ9MjsaEBILqx0WQ
DA:63,1,HmADa1g/W1C2Vo9Wm4sNNA
DA:64,1,8s/0GOL5RBzssX7MCWrFwQ
DA:67,1,20so7gq2PHY/8salfwAozw
DA:13,0,B8eL99fil8ZD8RKyLAAgXw
DA:17,0,0XJwT20/IHP94bvCSKlKlQ
DA:21,0,3c1y2yr1j7tafhXQAyt25Q
DA:25,0,ldWPZgC933aUKjiLP/IlbA
DA:29,0,cKJ8e5x9wKzqWO92VocSAg
DA:33,0,78Ql7x8s5qpNnL0zCD14FQ
DA:37,0,DTy6rGNNOIazfAaLyqFYPA
DA:41,0,OwHyLe5KBM031Mqkdi05Hw
DA:45,0,lpmsu2tgnfmNEveZy9HnSw
DA:49,0,RmRG3BFqI5pMdelCUKfLsQ
DA:53,0,dIsUKN6Wz5fQ11yQlf9WXg
DA:57,0,4BojJNwBg2gD76ASA+1Ewg
DA:61,0,kgI201Wc6kpOuou/030ixg
DA:65,0,r73+/W8qASvxPQeeZIdi0Q
DA:68,0,jlWDgprH1yL8pyNnB+Qcog
LF:50
LH:35
end_of_record
TN:
SF:C:\Python Projects\Alpha-Finance-Tracker\Alpha-Stock-Service\app\utilities\responses.py
DA:1,1,5i5mNQFOez5iLe7KeJWRMg
DA:4,1,hgpooNL3tUGYOF81Xwq5rQ
DA:5,1,s64mzR0+Ai2IMOusE7mXog
DA:9,1,SrlDF7SbudJqdfGPGS0hZg
DA:10,1,gse6lieMUpvPcJjvIjv7LQ
DA:14,1,+BfR+aGApNKdop5cWwgDlw
DA:15,1,d8HpQpSG/po5v+aqJwEQGg
DA:19,1,JrotgWElcza6Vxr8wLFxhA
DA:20,1,BFW08CaNV28MGRypTZMZnQ
DA:24,1,hvM2VheO9umiOdOc67G62A
DA:25,1,o/hAfb2XTAIJj5hGwqSlCg
DA:29,1,SJK5sKXmvmBkGKRnEFQ+rw
DA:30,1,PToqJv/BEs/wfgxuz1mlSQ
DA:34,1,rdQz+xJOi+PoMoFdCItWmw
DA:35,1,wZPwvVoVgFQmBpLcMGdSqA
DA:39,1,ILgM8PTCE/PMvr5uLtgh2Q
DA:40,1,PtfF1JgUCUmAbcfqlxpfpQ
DA:43,1,iwGZ8/0LLGj1mhL88bZBQg
DA:44,1,WLWHwbze4kbW7Oo16S56Zw
DA:47,1,6sOiPPGtDftcTEKlRHmTvA
DA:48,1,CD+5Q1T35G891pbypAYQCQ
DA:51,1,EFjL7u48h1gIupnG9KsZYQ
DA:52,1,t4ue1c1wmiKEwnuLFGdr0w
DA:55,1,5NVwmw0U7wE8UAuvVp2Z8A
DA:56,1,RXZxKoK1e84BBbYqwr28GQ
DA:57,1,9OmRYn3C1TRW2syySCNZ+Q
DA:6,0,5l2w0eg7poQJNxaWR/xKAQ
DA:11,0,nVKNNdn4/qZPgXedJgLbqA
DA:16,0,nVKNNdn4/qZPgXedJgLbqA
DA:21,0,YyK5Bgk8ZFvwbDqJepEv4g
DA:26,0,W040Btx63z/sKOI+NEmgvQ
DA:31,0,9OmRYn3C1TRW2syySCNZ+Q
DA:36,0,0fj1mNvizY5VfBTgdtl5Eg
DA:41,0,UtfCLO5VZRx29/GKbHRDtA
DA:45,0,lW1VYhmxmmUBNeKvgBR4FA
DA:49,0,nVKNNdn4/qZPgXedJgLbqA
DA:53,0,nVKNNdn4/qZPgXedJgLbqA
LF:37
LH:26
end_of_record
