TN:
SF:C:\Python Projects\Alpha-Finance-Tracker\Alpha-Stock-Service\app\models\base_models\stock_calculator.py
DA:1,1,0tRnYWT7fnP6+iJzpYJFFA
DA:4,1,jeF30K6Lvsgqc8cdaIgbjQ
DA:5,1,XoVUOkRyu3PGO4dLV1agZw
DA:6,1,Hc32gQgK+X7JvP7rwOexJw
DA:7,0,ZsPI7IOzVWacIAL6deimNw
LF:5
LH:4
end_of_record
TN:
SF:C:\Python Projects\Alpha-Finance-Tracker\Alpha-Stock-Service\app\models\calculators\valuation\discounted_cash_flow_calculator.py
DA:1,1,EZEzNmL93PY96zsSuI0PfQ
DA:3,1,PCdyLmvZUz8sg3twU3ZMJw
DA:4,1,QggK/h4NqtCSbRht2GZUfQ
DA:7,1,GV65GtiKxQI658nsBOO9Ow
DA:9,1,dGbZ1TylXQuH5L8Tk75U7w
DA:14,1,HmADa1g/W1C2Vo9Wm4sNNA
DA:15,1,wrxNicoKIiSdtEfzghKPkQ
DA:18,1,fdoUckjjKCdpB6ihG99yzQ
DA:29,1,leWPu3a92U46XgI3/MVg5A
DA:10,0,uW7V3FM+Ph0915gdcl1IpA
DA:11,0,jmwE5SwveNWhEgCVXmxQgw
DA:12,0,33guAf1k3IQLfVAoQ8gqdA
DA:16,0,70FtdH4VmcBcA4+PzSvMkQ
DA:20,0,xjcDBnSwra0OiNOAYAwoHA
DA:21,0,MldsTDHlb/NSLP/SQPQ0aw
DA:25,0,gch9lgvP3hfWFqyuCidZKg
DA:26,0,XXXma25c6leyKZIsrzn3Iw
DA:27,0,bL2Woldqr9GnlBl8GOf2IQ
DA:30,0,Kifp9+fUlytHiLtgHYXtuw
LF:19
LH:9
end_of_record
TN:
SF:C:\Python Projects\Alpha-Finance-Tracker\Alpha-Stock-Service\app\models\calculators\valuation\intrinsic_value_calculator.py
DA:1,1,EZEzNmL93PY96zsSuI0PfQ
DA:3,1,PCdyLmvZUz8sg3twU3ZMJw
DA:4,1,QggK/h4NqtCSbRht2GZUfQ
DA:7,1,eRrDzNlutBGSpNSm0DnOdg
DA:8,1,0q29lgQooAF5zIOzfEMRhA
DA:9,1,BNuOpeW5BQb72D9BrRFc3A
DA:10,1,JOCKL59RMV/IJG3y/H7aLA
DA:12,1,fdoUckjjKCdpB6ihG99yzQ
DA:13,1,xjcDBnSwra0OiNOAYAwoHA
DA:14,1,TvDRdPBv+14/bULqkCigIA
DA:15,0,bQlnkF80oqT1/y6ztPG71w
DA:16,0,XXXma25c6leyKZIsrzn3Iw
DA:17,0,bL2Woldqr9GnlBl8GOf2IQ
LF:13
LH:10
end_of_record
TN:
SF:C:\Python Projects\Alpha-Finance-Tracker\Alpha-Stock-Service\app\utilities\responses.py
DA:1,1,5i5mNQFOez5iLe7KeJWRMg
DA:4,1,hgpooNL3tUGYOF81Xwq5rQ
DA:5,1,s64mzR0+Ai2IMOusE7mXog
DA:9,1,SrlDF7SbudJqdfGPGS0hZg
DA:10,1,gse6lieMUpvPcJjvIjv7LQ
DA:14,1,+BfR+aGApNKdop5cWwgDlw
DA:15,1,d8HpQpSG/po5v+aqJwEQGg
DA:19,1,JrotgWElcza6Vxr8wLFxhA
DA:20,1,BFW08CaNV28MGRypTZMZnQ
DA:24,1,hvM2VheO9umiOdOc67G62A
DA:25,1,o/hAfb2XTAIJj5hGwqSlCg
DA:29,1,SJK5sKXmvmBkGKRnEFQ+rw
DA:30,1,PToqJv/BEs/wfgxuz1mlSQ
DA:34,1,rdQz+xJOi+PoMoFdCItWmw
DA:35,1,wZPwvVoVgFQmBpLcMGdSqA
DA:39,1,ILgM8PTCE/PMvr5uLtgh2Q
DA:40,1,PtfF1JgUCUmAbcfqlxpfpQ
DA:43,1,iwGZ8/0LLGj1mhL88bZBQg
DA:44,1,WLWHwbze4kbW7Oo16S56Zw
DA:47,1,6sOiPPGtDftcTEKlRHmTvA
DA:48,1,CD+5Q1T35G891pbypAYQCQ
DA:51,1,EFjL7u48h1gIupnG9KsZYQ
DA:52,1,t4ue1c1wmiKEwnuLFGdr0w
DA:55,1,5NVwmw0U7wE8UAuvVp2Z8A
DA:56,1,RXZxKoK1e84BBbYqwr28GQ
DA:6,0,5l2w0eg7poQJNxaWR/xKAQ
DA:11,0,nVKNNdn4/qZPgXedJgLbqA
DA:16,0,nVKNNdn4/qZPgXedJgLbqA
DA:21,0,YyK5Bgk8ZFvwbDqJepEv4g
DA:26,0,W040Btx63z/sKOI+NEmgvQ
DA:31,0,9OmRYn3C1TRW2syySCNZ+Q
DA:36,0,0fj1mNvizY5VfBTgdtl5Eg
DA:41,0,UtfCLO5VZRx29/GKbHRDtA
DA:45,0,lW1VYhmxmmUBNeKvgBR4FA
DA:49,0,nVKNNdn4/qZPgXedJgLbqA
DA:53,0,nVKNNdn4/qZPgXedJgLbqA
DA:57,0,E9eZ/fnfGflcnRhKDgRRAg
LF:37
LH:25
end_of_record
