TN:
SF:C:\Python Projects\Alpha-Finance-Tracker\Alpha-Stock-Service\app\api\routers\calculators_router.py
DA:1,1,SgHtpy4TAKhCcRRv/I1awA
DA:2,1,bbAb3iMEu+lQ2BC5SVbT2g
DA:4,1,C6Rqzgt3V3M52VUkluH17g
DA:5,1,1OpaZd1JQHub7VO1efXjQQ
DA:6,1,eJgw9ST9nw6Twxeq/rKNwQ
DA:8,1,r6Eassc6GJD/KZ4eY5lg2g
DA:10,1,SVYHcCRXDBI1KSBGGJvFcg
DA:12,1,riZXudrEK7hzW5LyRL5yxQ
DA:15,1,t27BfksDyDmRzwEbNJa1Hg
DA:16,1,PqfrkYoe/UrfjgP0UlTj9Q
DA:18,1,aaYD495eZP90oqH3SiJtNg
DA:19,1,FHPwg919l2o1/Bjb1flnCQ
DA:22,1,F9pRDrC/8BBm5EdE+8dq5Q
DA:23,1,zDUL9ig8Z2Mqk0Jjk0cXZA
DA:25,1,aaYD495eZP90oqH3SiJtNg
DA:26,1,17X04SPyNseW0Y5dr+VEmg
DA:29,1,y2bsaZ9KA9phkmx5i4eycA
DA:30,1,eTAiyMgDSndfAbyI4TbkWA
DA:32,0,aaYD495eZP90oqH3SiJtNg
DA:33,0,pFaNp3xgSARbwLOZpzwtRQ
LF:20
LH:18
end_of_record
TN:
SF:C:\Python Projects\Alpha-Finance-Tracker\Alpha-Stock-Service\app\api\services\fair_value_service.py
DA:1,1,p9azFNhAOT/p8IkBQfcM3g
DA:2,1,VJDyCvIPwr0Y8VpNASzrnA
DA:5,1,tetwyKSC+tDjz9Al5SpTIA
DA:7,1,GxiGhlRShdomuUvU9emrxw
DA:8,1,MorLlMDetA293DcUpCBVow
DA:10,1,W+rYJlow0LywREV4SwWL3w
DA:11,1,l3xVS2kUBakOebNrliAVZA
LF:7
LH:7
end_of_record
TN:
SF:C:\Python Projects\Alpha-Finance-Tracker\Alpha-Stock-Service\app\api\services\intrinsic_calculator_service.py
DA:1,1,p9azFNhAOT/p8IkBQfcM3g
DA:2,1,ES/NssRxq91E8FMX2x7JRQ
DA:3,1,V8+d+WsB7di5kf+zz19JWQ
DA:4,1,YfvbSwdX4WY/qra/BzJYVA
DA:5,1,OoOpW0yY7ZJQyb0payMOfQ
DA:6,1,aNWkzFDi66z7GRb8uT0NxQ
DA:7,1,9TzKYP6Hvr2N4hqAXhRiJw
DA:8,1,I6cz2antGbIb98++Yba3qQ
DA:9,1,+qEYCfCa3s7gjeenzA2xcw
DA:12,1,IthXbF9PPGRqg/sPphYCyw
DA:14,1,qEzm/gVkf2vseFhWF/BBKw
DA:15,1,MorLlMDetA293DcUpCBVow
DA:16,1,t8/9v0JwV1kb3oXibGJC/w
DA:17,1,2B9gYZH71861r2a++gmoBQ
DA:19,1,VI8zRIUPYMGqsWhhtpcMyA
DA:20,1,F4hZNIdIkFub831JAzUrAw
DA:21,1,XlXGaPTvdnPYcOGWL298ng
DA:23,1,W+rYJlow0LywREV4SwWL3w
DA:24,1,xjcDBnSwra0OiNOAYAwoHA
DA:25,1,CgpPHt57n6Mfd7q7uJNWiw
DA:27,1,gF6O/rJWTGxe2oD+l9hk0w
DA:31,1,NkK88KpjIYBTIzhyNgH00Q
DA:33,1,u6tz50Jh2RCY6z11RmM50A
DA:34,1,mw9Kz/DTtfL3KrQvBQteLQ
DA:37,1,EiCYGsfZkyw2eGBZqWeAgw
DA:39,1,cCzhnT+1tmGi11b28Pmfwg
DA:40,1,rqOSYv65nziWPZcVBXpkDg
DA:42,1,3q6JeC5l7zDbFlFNyxhzYw
DA:43,1,LulGE9jOrLhJ778xXHxB6A
LF:29
LH:29
end_of_record
TN:
SF:C:\Python Projects\Alpha-Finance-Tracker\Alpha-Stock-Service\app\models\base_models\data_stream.py
DA:1,1,0tRnYWT7fnP6+iJzpYJFFA
DA:4,1,Dbt69xzHohAd7nKoKhK1iQ
DA:5,1,XoVUOkRyu3PGO4dLV1agZw
DA:6,1,SxjlYx+/ddUCNSTZRkoAHQ
DA:9,1,XoVUOkRyu3PGO4dLV1agZw
DA:10,1,n/Pd+QNHJ6LwQEw1NFk9cA
DA:7,0,ZsPI7IOzVWacIAL6deimNw
DA:11,0,ZsPI7IOzVWacIAL6deimNw
LF:8
LH:6
end_of_record
TN:
SF:C:\Python Projects\Alpha-Finance-Tracker\Alpha-Stock-Service\app\models\base_models\service.py
DA:1,1,k81x/t5pGxLz/XFyvKTmJw
DA:4,1,e1u/UJVOlRRbpc0cHCUa7A
DA:6,1,XoVUOkRyu3PGO4dLV1agZw
DA:7,1,W+rYJlow0LywREV4SwWL3w
DA:8,0,ZsPI7IOzVWacIAL6deimNw
LF:5
LH:4
end_of_record
TN:
SF:C:\Python Projects\Alpha-Finance-Tracker\Alpha-Stock-Service\app\models\base_models\stock_calculator.py
DA:1,1,0tRnYWT7fnP6+iJzpYJFFA
DA:4,1,jeF30K6Lvsgqc8cdaIgbjQ
DA:5,1,XoVUOkRyu3PGO4dLV1agZw
DA:6,1,mjDoXdiEC2FUKDziJpVOVA
DA:7,0,ZsPI7IOzVWacIAL6deimNw
LF:5
LH:4
end_of_record
TN:
SF:C:\Python Projects\Alpha-Finance-Tracker\Alpha-Stock-Service\app\models\calculators\cost_of_debt_calculator.py
DA:1,1,EZEzNmL93PY96zsSuI0PfQ
DA:3,1,PCdyLmvZUz8sg3twU3ZMJw
DA:4,1,QggK/h4NqtCSbRht2GZUfQ
DA:7,1,ij+/RF5rRuBJyR8S1OI1ng
DA:9,1,JPp8p6wn5gkgoWntTcCCjg
DA:13,1,HmADa1g/W1C2Vo9Wm4sNNA
DA:14,1,HNcx3KsnCJ4jtsCz5myf0w
DA:17,1,HmADa1g/W1C2Vo9Wm4sNNA
DA:18,1,02QWhB20zIk87gjTF3NmEg
DA:21,1,fdoUckjjKCdpB6ihG99yzQ
DA:10,0,jHN9QOvAhn7jm5MJktYv0A
DA:11,0,yNUgVEXjw0FTKTPEDt4H8Q
DA:15,0,cRGJ07+RMCGZUIkqTNr4Lg
DA:19,0,LvqYw4JexzXWRahbzyZbCA
DA:22,0,xjcDBnSwra0OiNOAYAwoHA
DA:23,0,cez5JBn1r/HKvkrJ5nE6TQ
DA:24,0,gch9lgvP3hfWFqyuCidZKg
DA:25,0,XXXma25c6leyKZIsrzn3Iw
DA:26,0,bL2Woldqr9GnlBl8GOf2IQ
LF:19
LH:10
end_of_record
TN:
SF:C:\Python Projects\Alpha-Finance-Tracker\Alpha-Stock-Service\app\models\calculators\cost_of_equity_calculator.py
DA:1,1,EZEzNmL93PY96zsSuI0PfQ
DA:3,1,PCdyLmvZUz8sg3twU3ZMJw
DA:4,1,QggK/h4NqtCSbRht2GZUfQ
DA:7,1,2f+KfcTG+OxnWEZBzxJ39w
DA:9,1,IeJuQKg3PZPNReYKnN/A2g
DA:14,1,fdoUckjjKCdpB6ihG99yzQ
DA:10,0,iTxMo5yZdjZB6rYYHzgTGg
DA:11,0,7gIJitya7OA1zP5jimOIkg
DA:12,0,qNDH5LDDwyR2kOA99M+R9A
DA:15,0,xjcDBnSwra0OiNOAYAwoHA
DA:16,0,XHJ0zcOhOV6ginMWc8ZQ0g
DA:17,0,7oXDJN8yXLuN2Yh+HUOv6A
DA:18,0,XXXma25c6leyKZIsrzn3Iw
DA:19,0,bL2Woldqr9GnlBl8GOf2IQ
LF:14
LH:6
end_of_record
TN:
SF:C:\Python Projects\Alpha-Finance-Tracker\Alpha-Stock-Service\app\models\calculators\debt_ratio_calculator.py
DA:1,1,EZEzNmL93PY96zsSuI0PfQ
DA:3,1,PCdyLmvZUz8sg3twU3ZMJw
DA:4,1,QggK/h4NqtCSbRht2GZUfQ
DA:7,1,wCicKNheSq5iIcVDEBhTrg
DA:9,1,s+sRYAdU82U+Ow6eSqgaqQ
DA:13,1,HmADa1g/W1C2Vo9Wm4sNNA
DA:14,1,02QWhB20zIk87gjTF3NmEg
DA:17,1,HmADa1g/W1C2Vo9Wm4sNNA
DA:18,1,+2ZlTPFG4h1n4EoT2d66fA
DA:21,1,fdoUckjjKCdpB6ihG99yzQ
DA:11,0,yNUgVEXjw0FTKTPEDt4H8Q
DA:15,0,LvqYw4JexzXWRahbzyZbCA
DA:19,0,YG3qrZJBLumV8OzSz1+t2A
DA:22,0,xjcDBnSwra0OiNOAYAwoHA
DA:23,0,cSAMFNbvAPTFUvsOWiCMLw
DA:24,0,Ivy7NTDMzrcY6OHgFAiACA
DA:26,0,ZWOqfhckkUB3eFDRdkKi3w
DA:27,0,8zMTwo7rsvnIwDxL797B3Q
DA:28,0,XXXma25c6leyKZIsrzn3Iw
DA:29,0,bL2Woldqr9GnlBl8GOf2IQ
LF:20
LH:10
end_of_record
TN:
SF:C:\Python Projects\Alpha-Finance-Tracker\Alpha-Stock-Service\app\models\calculators\discount_rate_calculator.py
DA:1,1,y0EdtUA1m2c0Z1f8RoGcRQ
DA:2,1,EZEzNmL93PY96zsSuI0PfQ
DA:4,1,PCdyLmvZUz8sg3twU3ZMJw
DA:5,1,jrkEvkfs2J/hFa9qkCKtDA
DA:6,1,nFb3rxGcOQmGwWtEIJZYCw
DA:7,1,7hTtVug4QpZWkfCFYY0clg
DA:8,1,EOjHVavyOnuwZGgupHa9Eg
DA:9,1,1ARbyruJhQKmShWHIrvMBQ
DA:10,1,leuH20iX+IUIMHXx4Y64Gg
DA:11,1,JEh7Qdj7bL+sh853DjJ66w
DA:12,1,QggK/h4NqtCSbRht2GZUfQ
DA:15,1,udaSlEcApq86S/9C+oamQw
DA:17,1,4GQRSUL1iwu9A8a8HpsSUg
DA:18,1,jHN9QOvAhn7jm5MJktYv0A
DA:19,1,yNUgVEXjw0FTKTPEDt4H8Q
DA:20,1,CuwFId2Ioy6zmjk1qzNL8Q
DA:21,1,WC7B8e6qt13F/nGMY8GuQw
DA:22,1,8P3Bpvcq4fVC4mwDSwRFng
DA:24,1,HmADa1g/W1C2Vo9Wm4sNNA
DA:25,1,OyaryY1aCJo18k3PAKeb5Q
DA:28,1,HmADa1g/W1C2Vo9Wm4sNNA
DA:29,1,WrCIuitKDsP9kc0wsIZSDw
DA:38,1,fdoUckjjKCdpB6ihG99yzQ
DA:26,0,ED0+1lqNtyX57noc2WvMmQ
DA:30,0,xjcDBnSwra0OiNOAYAwoHA
DA:31,0,PR7ezSCmJCR+eRe9PRwo5w
DA:32,0,Iyc7OFdUwu47XssfhAqplw
DA:33,0,xvWIcpcyNr0gyGcTkdMxXw
DA:34,0,7vFRRThcXZJmahbhAAHmNA
DA:35,0,SGwhj9XRnw3+5Sz+mS7dkw
DA:36,0,Rt6Rg0lNv99AlEQkHHXD6g
DA:40,0,xjcDBnSwra0OiNOAYAwoHA
DA:41,0,oHh3kd9k6DkNWZ1TVgnE1w
DA:48,0,Nk1+LHsYu1xrSLBdr59jkg
DA:49,0,NTco2ABmBumzaGaez58B4w
DA:50,0,Sd1FuEaq6QGYZ/iIAV+yLA
DA:51,0,nZ8QIxbOSW4ol4uYWj3fUA
DA:53,0,b4jA1WSFJBOche54jUerGw
DA:58,0,AlywEpDFnLkNnkCdjXFFEw
DA:59,0,8zMTwo7rsvnIwDxL797B3Q
DA:60,0,XXXma25c6leyKZIsrzn3Iw
DA:61,0,bL2Woldqr9GnlBl8GOf2IQ
LF:42
LH:23
end_of_record
TN:
SF:C:\Python Projects\Alpha-Finance-Tracker\Alpha-Stock-Service\app\models\calculators\discounted_cash_flow_calculator.py
DA:1,1,EZEzNmL93PY96zsSuI0PfQ
DA:3,1,PCdyLmvZUz8sg3twU3ZMJw
DA:4,1,CzEnnQ8WmMNdDce3TcpWuw
DA:5,1,QggK/h4NqtCSbRht2GZUfQ
DA:8,1,GV65GtiKxQI658nsBOO9Ow
DA:10,1,FVSlcYXSC/eUhya1z0o64w
DA:11,1,NZNckltFy1PLIeSrdz8nkg
DA:12,1,WvDFTpS617eUjh2JuRZpIA
DA:13,1,s1QybHrwMZ95hrWcifxiQg
DA:15,1,HmADa1g/W1C2Vo9Wm4sNNA
DA:16,1,f6M2OZv+LdbUpMvokcowEQ
DA:19,1,HmADa1g/W1C2Vo9Wm4sNNA
DA:20,1,wrxNicoKIiSdtEfzghKPkQ
DA:23,1,HmADa1g/W1C2Vo9Wm4sNNA
DA:24,1,l0i9vBYi2vkb6oY6gU9dMQ
DA:27,1,fdoUckjjKCdpB6ihG99yzQ
DA:17,0,W8QMW6WYSe41aEvST9RikQ
DA:21,0,70FtdH4VmcBcA4+PzSvMkQ
DA:25,0,+gBiW6WtdKXHmZo2c1qCow
DA:29,0,xjcDBnSwra0OiNOAYAwoHA
DA:30,0,Q4H5KF04j1pdvQCF6HZ84A
DA:32,0,P4MyTRx3ieSUjsPcSU9u5A
DA:35,0,MldsTDHlb/NSLP/SQPQ0aw
DA:38,0,gch9lgvP3hfWFqyuCidZKg
DA:39,0,XXXma25c6leyKZIsrzn3Iw
DA:40,0,bL2Woldqr9GnlBl8GOf2IQ
LF:26
LH:16
end_of_record
TN:
SF:C:\Python Projects\Alpha-Finance-Tracker\Alpha-Stock-Service\app\models\calculators\equity_ratio_calculator.py
DA:1,1,EZEzNmL93PY96zsSuI0PfQ
DA:3,1,PCdyLmvZUz8sg3twU3ZMJw
DA:4,1,QggK/h4NqtCSbRht2GZUfQ
DA:7,1,UN8z+OIRF/7Iw5L1byTt8g
DA:9,1,fCS1VUMQHnTVNsQ+IWGAYA
DA:13,1,HmADa1g/W1C2Vo9Wm4sNNA
DA:14,1,02QWhB20zIk87gjTF3NmEg
DA:17,1,HmADa1g/W1C2Vo9Wm4sNNA
DA:18,1,+2ZlTPFG4h1n4EoT2d66fA
DA:21,1,fdoUckjjKCdpB6ihG99yzQ
DA:11,0,yNUgVEXjw0FTKTPEDt4H8Q
DA:15,0,LvqYw4JexzXWRahbzyZbCA
DA:19,0,YG3qrZJBLumV8OzSz1+t2A
DA:22,0,xjcDBnSwra0OiNOAYAwoHA
DA:23,0,cSAMFNbvAPTFUvsOWiCMLw
DA:24,0,Ivy7NTDMzrcY6OHgFAiACA
DA:26,0,njN5Dt5s5VYJ9A0M/fiYeg
DA:27,0,gch9lgvP3hfWFqyuCidZKg
DA:28,0,XXXma25c6leyKZIsrzn3Iw
DA:29,0,bL2Woldqr9GnlBl8GOf2IQ
LF:20
LH:10
end_of_record
TN:
SF:C:\Python Projects\Alpha-Finance-Tracker\Alpha-Stock-Service\app\models\calculators\fair_value_calculator.py
DA:1,1,EZEzNmL93PY96zsSuI0PfQ
DA:3,1,PCdyLmvZUz8sg3twU3ZMJw
DA:4,1,+qEYCfCa3s7gjeenzA2xcw
DA:5,1,QggK/h4NqtCSbRht2GZUfQ
DA:8,1,pkO70NOyc1d+pazPQeftxw
DA:10,1,qEzm/gVkf2vseFhWF/BBKw
DA:11,1,MorLlMDetA293DcUpCBVow
DA:12,1,VI8zRIUPYMGqsWhhtpcMyA
DA:14,1,HmADa1g/W1C2Vo9Wm4sNNA
DA:15,1,6qvb39LB7jLqCgt/y2Hmhw
DA:18,1,HmADa1g/W1C2Vo9Wm4sNNA
DA:19,1,3HUrB67JGdUX3y+GxV0yLA
DA:22,1,HmADa1g/W1C2Vo9Wm4sNNA
DA:23,1,+l4ao3zWMnvKwN/Nh0birw
DA:29,1,fdoUckjjKCdpB6ihG99yzQ
DA:30,1,xjcDBnSwra0OiNOAYAwoHA
DA:32,1,o5ZYNo1WZkpGmgp2ogLULg
DA:33,1,gch9lgvP3hfWFqyuCidZKg
DA:34,1,XXXma25c6leyKZIsrzn3Iw
DA:35,1,bL2Woldqr9GnlBl8GOf2IQ
DA:16,0,cyuOXGcUYInkBBIbQJtzfg
DA:20,0,K+xeRRHlGS1vZ30y/FsKmw
DA:24,0,12EU0Y6lp0WNPUaQL4ItnA
DA:26,0,XjcCUEHwBDs2pBl6kEuNjw
LF:24
LH:20
end_of_record
TN:
SF:C:\Python Projects\Alpha-Finance-Tracker\Alpha-Stock-Service\app\models\calculators\future_price_calculator.py
DA:1,1,PCdyLmvZUz8sg3twU3ZMJw
DA:2,1,IWWjrCeOtk8NNtrE95++2g
DA:3,1,S7RENsJZ7lrrSt3TQSCrlA
DA:4,1,4UUBjh9oS2rnLjxoF3MU4g
DA:5,1,OnahjCJCL6nNMVLbvF+mIw
DA:7,1,+qEYCfCa3s7gjeenzA2xcw
DA:10,1,R11ND7MkoF8DfoNB6h2RAA
DA:12,1,qEzm/gVkf2vseFhWF/BBKw
DA:16,1,fdoUckjjKCdpB6ihG99yzQ
DA:13,0,MorLlMDetA293DcUpCBVow
DA:14,0,VI8zRIUPYMGqsWhhtpcMyA
DA:17,0,xjcDBnSwra0OiNOAYAwoHA
DA:19,0,g73AZKDsfO4TZsarncbZqg
DA:20,0,HjqBug+HQMuO32zHarK4jA
DA:21,0,/Wh0bWSVRTawsmTMA8TVwQ
DA:22,0,3DlGv+kQCcoyzlSa7qKm3Q
DA:24,0,oXd1LByu9w2nMaI6vF+YPw
DA:32,0,AnOrJVhpNyK/20MdvqWBWA
DA:33,0,mV+7Yt//uMdaMPSwuL8GXQ
DA:34,0,8zZK0TCL3oT8JcfWYv4NcQ
DA:37,0,X6petpd+PaVXmGr9SrFgYg
DA:40,0,nviPSSy92lA7syWE6UXmWQ
DA:41,0,rYNTBJeBNaQYrFv0dy8Dpw
DA:44,0,lfNglYzLMIbs0Kcf+MoJqQ
DA:45,0,5SrG4yk4nDWGCazi4kw1LQ
DA:46,0,Fed4YiY+2KTpcY9dYiISHA
DA:47,0,pMV5GGjwycyGp7tdGGHzXw
DA:48,0,jUYTczaKRuEQHGwh1qCvYQ
DA:50,0,IFbSuv6phgNZtBbNjSSEoA
DA:56,0,cCzhnT+1tmGi11b28Pmfwg
DA:57,0,tSP/qXHxS08ze8eCY46CIA
LF:31
LH:9
end_of_record
TN:
SF:C:\Python Projects\Alpha-Finance-Tracker\Alpha-Stock-Service\app\models\calculators\intrinsic_value_calculator.py
DA:1,1,EZEzNmL93PY96zsSuI0PfQ
DA:3,1,PCdyLmvZUz8sg3twU3ZMJw
DA:4,1,QggK/h4NqtCSbRht2GZUfQ
DA:7,1,eRrDzNlutBGSpNSm0DnOdg
DA:8,1,0q29lgQooAF5zIOzfEMRhA
DA:9,1,BNuOpeW5BQb72D9BrRFc3A
DA:10,1,JOCKL59RMV/IJG3y/H7aLA
DA:12,1,fdoUckjjKCdpB6ihG99yzQ
DA:13,0,xjcDBnSwra0OiNOAYAwoHA
DA:14,0,rf9dsHZNoWBM+gQcby25Lw
DA:15,0,bQlnkF80oqT1/y6ztPG71w
DA:16,0,XXXma25c6leyKZIsrzn3Iw
DA:17,0,bL2Woldqr9GnlBl8GOf2IQ
LF:13
LH:8
end_of_record
TN:
SF:C:\Python Projects\Alpha-Finance-Tracker\Alpha-Stock-Service\app\models\calculators\market_data_calculator.py
DA:1,1,EZEzNmL93PY96zsSuI0PfQ
DA:3,1,PCdyLmvZUz8sg3twU3ZMJw
DA:4,1,QggK/h4NqtCSbRht2GZUfQ
DA:7,1,ib6vCzpo3WcZLcBF4QPt4A
DA:9,1,oTHpB8o8ZA9CFIcnSoF2Aw
DA:12,1,fdoUckjjKCdpB6ihG99yzQ
DA:10,0,WC7B8e6qt13F/nGMY8GuQw
DA:13,0,xjcDBnSwra0OiNOAYAwoHA
DA:15,0,1sw1hdyq1heu9vTsoXA5Lw
DA:16,0,Alj0ccc/j35/MSA57X83bw
DA:18,0,HB+w4NdLwlKacJnpf36wyQ
DA:19,0,zC3+PLMjbEeMe0itE76n5Q
DA:20,0,UuIdLYvR8I7ms4Dnb5jsjQ
DA:22,0,so11vD6gqP5xKVjycVJeQQ
DA:24,0,gch9lgvP3hfWFqyuCidZKg
DA:25,0,XXXma25c6leyKZIsrzn3Iw
DA:26,0,bL2Woldqr9GnlBl8GOf2IQ
LF:17
LH:6
end_of_record
TN:
SF:C:\Python Projects\Alpha-Finance-Tracker\Alpha-Stock-Service\app\models\calculators\relative_value_calculator.py
DA:1,1,EZEzNmL93PY96zsSuI0PfQ
DA:3,1,PCdyLmvZUz8sg3twU3ZMJw
DA:4,1,QggK/h4NqtCSbRht2GZUfQ
DA:7,1,UsCukQRlK0tXFeRAfbkCKw
DA:9,1,7jeeykximLVh6lImTtvKEw
DA:10,1,gEIahCH5SHNNsNDLdSbt4g
DA:12,1,fdoUckjjKCdpB6ihG99yzQ
DA:13,0,xjcDBnSwra0OiNOAYAwoHA
DA:14,0,9U3RFCV64VscJiHuMdPKsg
DA:16,0,4jv+JOkHlwDBGebn5ENSGg
DA:17,0,XXXma25c6leyKZIsrzn3Iw
DA:18,0,bL2Woldqr9GnlBl8GOf2IQ
LF:12
LH:7
end_of_record
TN:
SF:C:\Python Projects\Alpha-Finance-Tracker\Alpha-Stock-Service\app\models\calculators\tax_rate_calculator.py
DA:1,1,EZEzNmL93PY96zsSuI0PfQ
DA:3,1,PCdyLmvZUz8sg3twU3ZMJw
DA:4,1,QggK/h4NqtCSbRht2GZUfQ
DA:7,1,RiROIQunk5nvlml8K9ko7w
DA:9,1,S4NeFyVzqq/qTjph7HThdg
DA:13,1,HmADa1g/W1C2Vo9Wm4sNNA
DA:14,1,MTKDPjXxJzCEQWCFgE6vtw
DA:17,1,HmADa1g/W1C2Vo9Wm4sNNA
DA:18,1,TafyrERgY5IjzoBrwPpQXg
DA:21,1,fdoUckjjKCdpB6ihG99yzQ
DA:11,0,jHN9QOvAhn7jm5MJktYv0A
DA:15,0,O+emJLquQlHktZ2I+IPRuA
DA:19,0,W49JehcXESsJqhWll5nhkw
DA:22,0,xjcDBnSwra0OiNOAYAwoHA
DA:23,0,Sumd/ZiJ/WB8cm3jjZOVfg
DA:24,0,gch9lgvP3hfWFqyuCidZKg
DA:25,0,XXXma25c6leyKZIsrzn3Iw
DA:26,0,bL2Woldqr9GnlBl8GOf2IQ
LF:18
LH:10
end_of_record
TN:
SF:C:\Python Projects\Alpha-Finance-Tracker\Alpha-Stock-Service\app\models\calculators\terminal_value_calculator.py
DA:1,1,EZEzNmL93PY96zsSuI0PfQ
DA:3,1,PCdyLmvZUz8sg3twU3ZMJw
DA:4,1,QggK/h4NqtCSbRht2GZUfQ
DA:7,1,ueuZUiV5g5mD/iUcvsZU3w
DA:9,1,06M1qihRvNZiFQ02hk533w
DA:14,1,fdoUckjjKCdpB6ihG99yzQ
DA:10,0,uW7V3FM+Ph0915gdcl1IpA
DA:11,0,A8O7CManDfD0YXbNUjlP4g
DA:12,0,jmwE5SwveNWhEgCVXmxQgw
DA:15,0,xjcDBnSwra0OiNOAYAwoHA
DA:16,0,Oia7mKxAN/i/uBrSwZalPA
DA:19,0,gch9lgvP3hfWFqyuCidZKg
DA:20,0,XXXma25c6leyKZIsrzn3Iw
DA:21,0,bL2Woldqr9GnlBl8GOf2IQ
LF:14
LH:6
end_of_record
TN:
SF:C:\Python Projects\Alpha-Finance-Tracker\Alpha-Stock-Service\app\models\calculators\total_market_value_calculator.py
DA:1,1,EZEzNmL93PY96zsSuI0PfQ
DA:3,1,PCdyLmvZUz8sg3twU3ZMJw
DA:4,1,QggK/h4NqtCSbRht2GZUfQ
DA:7,1,mlHeK12WFlL2UxWZSsEOwA
DA:9,1,fp8HBSa+0TJrkfLxBmOLEw
DA:13,1,fdoUckjjKCdpB6ihG99yzQ
DA:10,0,lNHKl77U2OHlSGFdH2BF9w
DA:11,0,N+VJBfwbjuvo1IxfdB1itA
DA:14,0,xjcDBnSwra0OiNOAYAwoHA
DA:15,0,nCC6kXO9QYLKT400VceYAw
DA:17,0,gch9lgvP3hfWFqyuCidZKg
DA:18,0,XXXma25c6leyKZIsrzn3Iw
DA:19,0,bL2Woldqr9GnlBl8GOf2IQ
LF:13
LH:6
end_of_record
TN:
SF:C:\Python Projects\Alpha-Finance-Tracker\Alpha-Stock-Service\app\models\data_stream\alpha_vantage_data.py
DA:1,1,wbex0Ytf94b7jE0u9OATig
DA:2,1,EwpFrDnm0jrXNHWIDxW3Rg
DA:3,1,92Nj8kCXqITC0lKV5K55gg
DA:4,1,hyoFs7Q2kEx+ZBdXo1gcBA
DA:5,1,Gg8/O1+xXI3HMrQiQXa8GA
DA:6,1,3fOm3DkA091z0Q8FDEpq5w
DA:7,1,nSTdZ2qVRacX0w+8DTW9KA
DA:9,1,/zXKcWyxgmmuM0m61/XQzg
DA:10,1,qEzm/gVkf2vseFhWF/BBKw
DA:11,1,8Hycb3a2OzFeAsqc00Wg0g
DA:12,1,MorLlMDetA293DcUpCBVow
DA:13,1,odLL4BmwaSnpaVNZoHZ5Xw
DA:15,1,tWQyUn0IaIAPmi3/t4ky3w
DA:22,1,2w/9SguHB+QrXx9K3uBNbQ
DA:27,1,Yc8W2NvSwJba0p2eONiMHA
DA:32,1,jNBoOEUSNFhmEbP7QfS62w
DA:37,1,hcCqk851zO48ReCRxAJeIA
DA:42,1,itKMWfHW/XzJIAdAKMucBQ
DA:47,1,wCnaAXVvvkJ22OBf+2IoBg
DA:16,0,vKu/kClkSIOO33/2lyphRA
DA:17,0,oP6y/InPLS7/8tHZP/zDKQ
DA:18,0,+bfUr4cttfpX3trRips4QA
DA:19,0,onO6mrXoecrC+mQoJxEMIg
DA:20,0,0N/9goan7JyY0UkwEw5GnQ
DA:23,0,wwBsSzchPLCk49V0nCUcMQ
DA:24,0,t6Nf3hLQzKm5YJ4F0k9MuA
DA:25,0,ktXGePjTszL1+c1SDmdWtw
DA:28,0,HpaCdBPvv7fXjdPjBOirlg
DA:29,0,t6Nf3hLQzKm5YJ4F0k9MuA
DA:30,0,ktXGePjTszL1+c1SDmdWtw
DA:33,0,J8s/8ADdAPZvg4EmAJTTFw
DA:34,0,t6Nf3hLQzKm5YJ4F0k9MuA
DA:35,0,ktXGePjTszL1+c1SDmdWtw
DA:38,0,u33cRPY0zR7HaZ4T8ossVQ
DA:39,0,t6Nf3hLQzKm5YJ4F0k9MuA
DA:40,0,/74eoZIcTHR3Li1uUT1/0A
DA:43,0,boHL3Bqlsgx8Sqz2mrarbQ
DA:44,0,t6Nf3hLQzKm5YJ4F0k9MuA
DA:45,0,N8+RzysHMctgEBZhj7Mq9Q
DA:48,0,TvEasBLxP1YKDECG+4kUDA
DA:49,0,t6Nf3hLQzKm5YJ4F0k9MuA
DA:50,0,qkZH2225MlPi+g3rrtij7A
LF:42
LH:19
end_of_record
TN:
SF:C:\Python Projects\Alpha-Finance-Tracker\Alpha-Stock-Service\app\models\data_stream\intrinsic_value_ds.py
DA:1,1,y0EdtUA1m2c0Z1f8RoGcRQ
DA:2,1,4KXOIu0EzlFAqlH6QJ+whA
DA:4,1,WSGUilNdfs41Z180P8qXww
DA:7,1,yD/EcZHApjPHCAXp9BTtRQ
DA:9,1,AIfnGMkjsKdv5MonAR62jg
DA:10,1,SpTO5oHbIkwD//3CEd952Q
DA:11,1,hwQhq9xCWHpv5icqiwrxOA
DA:12,1,RuLXUUjYfedGbmTLale2yw
DA:13,1,5muezqRr/VhFSgyYt7fgHg
DA:15,1,RFxVNH+dlE5aYSunHyK0pA
DA:16,1,7pw9eZIadJWu34ZeYNZvYA
DA:17,1,HgUAxkGH6Nh/+ki+DbmPqQ
DA:18,1,kGkCy5jSzYqwBjnkSwh5Kg
DA:19,1,egX9Da4Y7aUF/gydXCmL7A
DA:20,1,6Kb7C2LU9uRgy3hCZ10/dw
DA:21,1,qm/RrCw7kHtTMM3iz4yH8A
DA:23,1,zqEWk9Wo9MyTrfScF6btsg
DA:55,1,GMeVpTAkXU9rQVWYRq8lsQ
DA:24,0,xjcDBnSwra0OiNOAYAwoHA
DA:25,0,DyRZ2rj2AHd2pxDcZu+e0g
DA:27,0,YLbqGQz/0IWQRoatxZkpYQ
DA:28,0,p7tZscgyfQOxv4rd3OXu+A
DA:29,0,RTJZR4z+CK//2zP7soCX4w
DA:31,0,yaDO5u+gn2pLejQqrN0Rhw
DA:39,0,24wGD2gkrLsLr6h9GrRwGg
DA:40,0,EbM1ZJ2gQlRWPi1FrTBCeQ
DA:41,0,UGBUAgRQM5ScgWUCsGucmg
DA:42,0,XmfzpYzNEbAgU6q2k+c/zQ
DA:43,0,PF+cooJsWIF8Qwe614HKJg
DA:44,0,91aTFHpTaxkFK9JYhDL6hw
DA:45,0,mVh7F6aFrAESkEoNrmHdig
DA:47,0,cCzhnT+1tmGi11b28Pmfwg
DA:48,0,ACxcUcsfhuKhZrajKvBcjg
DA:49,0,rqOSYv65nziWPZcVBXpkDg
DA:51,0,ep57/epPvBbvx3tIElC4Xg
DA:52,0,Y95pw9cdmlHDq18ijbhvYA
DA:53,0,NRu3FSfQ5YiFk7/E0zjDHg
DA:56,0,xjcDBnSwra0OiNOAYAwoHA
DA:57,0,hkzSaweFvdbTm3hLA8c5Dg
DA:58,0,sV99kGuiBppa+7ZV29uXsg
DA:60,0,cCzhnT+1tmGi11b28Pmfwg
DA:61,0,rqOSYv65nziWPZcVBXpkDg
LF:42
LH:18
end_of_record
TN:
SF:C:\Python Projects\Alpha-Finance-Tracker\Alpha-Stock-Service\app\models\data_stream\open_ai_data.py
DA:1,1,oBn3m+aX07XSXyLZ7hhJvQ
DA:2,1,rlMoGwILDoo+nS2U32gjXQ
DA:3,1,OaTlemF3bXMi5MP7Db8vkQ
DA:5,1,+qEYCfCa3s7gjeenzA2xcw
DA:7,1,ZI88TRQb2c3IrifCrqN8eg
DA:8,1,PPDK7P0pi7Cbdu7g/wK/oA
DA:11,1,2g+lYZWXASU++05heyueNQ
DA:13,1,qEzm/gVkf2vseFhWF/BBKw
DA:14,1,MorLlMDetA293DcUpCBVow
DA:16,1,IHzoL5gVhBjSXSnmVYM0fA
DA:17,0,xjcDBnSwra0OiNOAYAwoHA
DA:18,0,2srNDlbZ9+59mG+glKGYoA
DA:27,0,kTSiO5qZhbS1QpyzFqVfvA
DA:28,0,/zV9MH+RxeI5V8ytr7/FYA
DA:29,0,nP/fm9TFMv2MRMQBSPGBhw
DA:31,0,EUnmrh72pt3aumiYLEAKjg
DA:32,0,OIgwK9a1MI+DchdfIigkzQ
DA:33,0,Uk1iEqLYWHwxE4nbWtF0CQ
DA:34,0,5UeNVsAiO1OXcraNfUMr7w
DA:35,0,19yiD18uMTXxIzPv6Dj3fQ
DA:36,0,jW1o24S+fX2LmwZ6uh9noQ
DA:38,0,rG7tOMO/Ml8AH8KhdE4nHQ
DA:39,0,d4fGzenM3iLgMVNsFbTztg
DA:41,0,1/xbVtcWY6Qc9uOAyRkR4A
DA:43,0,cCzhnT+1tmGi11b28Pmfwg
DA:44,0,ACxcUcsfhuKhZrajKvBcjg
DA:45,0,Dwjd91USmMoWKfkSCVg/jg
LF:27
LH:10
end_of_record
TN:
SF:C:\Python Projects\Alpha-Finance-Tracker\Alpha-Stock-Service\app\models\data_stream\yahoo_finance_data.py
DA:1,1,Ul3kur8m1SvwVP5wy6fygQ
DA:2,1,wbex0Ytf94b7jE0u9OATig
DA:5,1,aoaCgDGIjzAZDFt7I4ffvw
DA:7,1,qEzm/gVkf2vseFhWF/BBKw
DA:8,1,MorLlMDetA293DcUpCBVow
DA:9,1,z3zOeQVcqnZDOBA24S4Spg
DA:11,1,HmADa1g/W1C2Vo9Wm4sNNA
DA:12,1,jW3/8bPUiOj3uYz9CcQrBg
DA:15,1,HmADa1g/W1C2Vo9Wm4sNNA
DA:16,1,rAd6vAXygfPbkgdHuQjl4g
DA:19,1,HmADa1g/W1C2Vo9Wm4sNNA
DA:20,1,5OGzWyWi0gvN39+8iJVeVA
DA:23,1,HmADa1g/W1C2Vo9Wm4sNNA
DA:24,1,NLKWUbaS82QXynx8Q/lYxg
DA:27,1,HmADa1g/W1C2Vo9Wm4sNNA
DA:28,1,i9D28RQI/AYMKfBS3dAKpw
DA:31,1,HmADa1g/W1C2Vo9Wm4sNNA
DA:32,1,wz7rPAiZ1gw735gfBXz1fg
DA:35,1,HmADa1g/W1C2Vo9Wm4sNNA
DA:36,1,1tvW/6iyS8NJ1VL2/X3RtQ
DA:39,1,HmADa1g/W1C2Vo9Wm4sNNA
DA:40,1,yCeQObzOlcPUyuomXt9xFQ
DA:43,1,HmADa1g/W1C2Vo9Wm4sNNA
DA:44,1,p8PpOj5YknOOdhLJiSDOKw
DA:47,1,HmADa1g/W1C2Vo9Wm4sNNA
DA:48,1,3nAAQw/xGYaIayPN33eDag
DA:51,1,HmADa1g/W1C2Vo9Wm4sNNA
DA:52,1,V70bixrFjEJtye64EdbCXQ
DA:55,1,HmADa1g/W1C2Vo9Wm4sNNA
DA:56,1,b5hPFUkdXm+O/9JSqdBSWQ
DA:59,1,HmADa1g/W1C2Vo9Wm4sNNA
DA:60,1,92n/a+QJ9MjsaEBILqx0WQ
DA:63,1,HmADa1g/W1C2Vo9Wm4sNNA
DA:64,1,8s/0GOL5RBzssX7MCWrFwQ
DA:67,1,20so7gq2PHY/8salfwAozw
DA:13,0,B8eL99fil8ZD8RKyLAAgXw
DA:17,0,0XJwT20/IHP94bvCSKlKlQ
DA:21,0,3c1y2yr1j7tafhXQAyt25Q
DA:25,0,ldWPZgC933aUKjiLP/IlbA
DA:29,0,cKJ8e5x9wKzqWO92VocSAg
DA:33,0,78Ql7x8s5qpNnL0zCD14FQ
DA:37,0,DTy6rGNNOIazfAaLyqFYPA
DA:41,0,OwHyLe5KBM031Mqkdi05Hw
DA:45,0,lpmsu2tgnfmNEveZy9HnSw
DA:49,0,RmRG3BFqI5pMdelCUKfLsQ
DA:53,0,dIsUKN6Wz5fQ11yQlf9WXg
DA:57,0,4BojJNwBg2gD76ASA+1Ewg
DA:61,0,kgI201Wc6kpOuou/030ixg
DA:65,0,r73+/W8qASvxPQeeZIdi0Q
DA:68,0,jlWDgprH1yL8pyNnB+Qcog
LF:50
LH:35
end_of_record
TN:
SF:C:\Python Projects\Alpha-Finance-Tracker\Alpha-Stock-Service\app\models\validators\alpha_vantage_validator.py
DA:1,1,Nwt2ul/87yqbHfVH3eFDTQ
DA:4,1,VHWLs2YAQJI2lXYJRcG1SA
DA:6,1,pGVlrrAPRCzv5CXrMjdGjw
DA:9,1,Kku0mmCOgPCQ02v1fOfMEA
DA:7,0,4VPuoQvINcH8KOXzptY2nw
DA:10,0,yosEqrxNQ2r8io/itvIYIQ
DA:11,0,OXcYqpBl9K1VzsycTwNexQ
DA:13,0,ndmDYv5i0oYNSfmadl3DMg
DA:14,0,JEMpRGtNyAHzcw+W5fefwA
LF:9
LH:4
end_of_record
TN:
SF:C:\Python Projects\Alpha-Finance-Tracker\Alpha-Stock-Service\app\utilities\responses.py
DA:1,1,5i5mNQFOez5iLe7KeJWRMg
DA:4,1,hgpooNL3tUGYOF81Xwq5rQ
DA:5,1,s64mzR0+Ai2IMOusE7mXog
DA:9,1,SrlDF7SbudJqdfGPGS0hZg
DA:10,1,gse6lieMUpvPcJjvIjv7LQ
DA:14,1,+BfR+aGApNKdop5cWwgDlw
DA:15,1,d8HpQpSG/po5v+aqJwEQGg
DA:19,1,JrotgWElcza6Vxr8wLFxhA
DA:20,1,BFW08CaNV28MGRypTZMZnQ
DA:24,1,hvM2VheO9umiOdOc67G62A
DA:25,1,o/hAfb2XTAIJj5hGwqSlCg
DA:29,1,SJK5sKXmvmBkGKRnEFQ+rw
DA:30,1,PToqJv/BEs/wfgxuz1mlSQ
DA:34,1,rdQz+xJOi+PoMoFdCItWmw
DA:35,1,wZPwvVoVgFQmBpLcMGdSqA
DA:39,1,ILgM8PTCE/PMvr5uLtgh2Q
DA:40,1,PtfF1JgUCUmAbcfqlxpfpQ
DA:43,1,iwGZ8/0LLGj1mhL88bZBQg
DA:44,1,WLWHwbze4kbW7Oo16S56Zw
DA:45,1,lW1VYhmxmmUBNeKvgBR4FA
DA:47,1,6sOiPPGtDftcTEKlRHmTvA
DA:48,1,CD+5Q1T35G891pbypAYQCQ
DA:49,1,nVKNNdn4/qZPgXedJgLbqA
DA:51,1,EFjL7u48h1gIupnG9KsZYQ
DA:52,1,t4ue1c1wmiKEwnuLFGdr0w
DA:55,1,5NVwmw0U7wE8UAuvVp2Z8A
DA:56,1,RXZxKoK1e84BBbYqwr28GQ
DA:57,1,9OmRYn3C1TRW2syySCNZ+Q
DA:6,0,5l2w0eg7poQJNxaWR/xKAQ
DA:11,0,nVKNNdn4/qZPgXedJgLbqA
DA:16,0,nVKNNdn4/qZPgXedJgLbqA
DA:21,0,YyK5Bgk8ZFvwbDqJepEv4g
DA:26,0,W040Btx63z/sKOI+NEmgvQ
DA:31,0,9OmRYn3C1TRW2syySCNZ+Q
DA:36,0,0fj1mNvizY5VfBTgdtl5Eg
DA:41,0,UtfCLO5VZRx29/GKbHRDtA
DA:53,0,nVKNNdn4/qZPgXedJgLbqA
LF:37
LH:28
end_of_record
TN:
SF:C:\Python Projects\Alpha-Finance-Tracker\Alpha-Stock-Service\app\utilities\token_verification.py
DA:1,1,WpEjgxacqgxANZhpobgHYQ
DA:2,1,5i5mNQFOez5iLe7KeJWRMg
DA:3,1,7Z9Lj4ed27Wf2hBX6jooEA
DA:4,1,oBn3m+aX07XSXyLZ7hhJvQ
DA:5,1,np/w8HfIkwRCmaQpJ938aQ
DA:7,1,ZI88TRQb2c3IrifCrqN8eg
DA:10,1,AjXBU7hMJCjaC4ii3eFfAw
DA:11,1,cWqItC0hrkMXmXkx3Qky0g
DA:13,1,iCFf+h2R5A1+ITN/j8aYFQ
DA:14,1,A/o+Fn6mlFSa/689bUebzQ
DA:19,1,B/Fo9U4/nMeRNS1JjGZVyQ
DA:20,1,vqpzhBSxbnJXfbcp1wmu9w
DA:21,1,U/raoXaWZ1PDsnKa65tBtw
DA:22,1,d1jYmUeVbKTnBC1VhTQ7jg
DA:24,1,NSIZP9XRbnvRPJYjwtL0hw
DA:25,1,KDB7XvmdAeTwD3r310q3ag
DA:26,1,KAh8DXTCVonjiO4qKxnmLQ
DA:27,1,9np3I17vPqrjyIj7fKFAig
DA:23,0,bvJa9A/YiMG/hu+Iw+5TFg
LF:19
LH:18
end_of_record
